WARNING:root:'PYARROW_IGNORE_TIMEZONE' environment variable was not set. It is required to set this environment variable to '1' in both driver and executor sides if you use pyarrow>=2.0.0. pandas-on-Spark will set it for you but it does not work if there is a Spark context already launched.
Error dist count [0, 0, 0, 911, 1558, 1100, 1351]
Original error count [   0    0    0  911 1558 1100 1351]
Error distribution computation: 1.0802724361419678

Scale dataset: 0.021079540252685547

Generated dataset
Errors to scaled dataset: 2.3118934631347656

Save dataset: 0.18573737144470215

Error count [[    0.     0.     0. 14576. 24928. 17600. 21616.]]
Computed new error distribution: 0.11781501770019531

--------------------------------------------------------
tuple_id
Mean original dirty: 	 1188.5
Mean generated dirty: 	 1188.5

Var original dirty: 	 470646.0
Var generated dirty: 	 470460.29199000396

Q25 original dirty: 	 594.75
Q25 generated dirty: 	 594.4500000000007

INFO: Q25 differs from original dirty data

Q50 original dirty: 	 1188.5
Q50 generated dirty: 	 1188.5

Q75 original dirty: 	 1782.25
Q75 generated dirty: 	 1188.5

INFO: Q75 differs from original dirty data

Skew original dirty: 	 0.0
Skew generated dirty: 	 0.0

Kurtosis original dirty: 	 -1.2000000000000002
Kurtosis generated dirty: 	 -1.2000004235218131

Min original dirty: 	 1
Min generated dirty: 	 1.0

Max original dirty: 	 2376
Max generated dirty: 	 2376.0

--------------------------------------------------------
--------------------------------------------------------
tuple_id
Distinct original dirty: 	 2376
Distinct original clean: 	 2376
Distinct estimated dirty (whole dataset): 	 38016, distinct with ratio 	 38016
Distinct estimated dirty (replicate + errors): 	 2376.0
Distinct generated dirty: 	 2376

--------------------------------------------------------
src
Distinct original dirty: 	 38
Distinct original clean: 	 38
Distinct estimated dirty (whole dataset): 	 40, distinct with ratio 	 40
Distinct estimated dirty (replicate + errors): 	 38.0
Distinct generated dirty: 	 38

--------------------------------------------------------
flight
Distinct original dirty: 	 100
Distinct original clean: 	 100
Distinct estimated dirty (whole dataset): 	 100, distinct with ratio 	 100
Distinct estimated dirty (replicate + errors): 	 100.0
Distinct generated dirty: 	 100

--------------------------------------------------------
sched_dep_time
Distinct original dirty: 	 138
Distinct original clean: 	 79
Distinct estimated dirty (whole dataset): 	 230, distinct with ratio 	 230
Distinct estimated dirty (replicate + errors): 	 428.0
Distinct generated dirty: 	 425

Replacements original dirty: 	 18
Replacements generated dirty: 	 288

Unique replacements count - original dirty: 	 1
Unique replacements count - generated dirty: 	 1 

Typos original dirty: 	 893
Typos generated dirty: 	 14288

Distinct estimated typo: 	 349
Unique typos count - original dirty: 	 59
Unique typos count - generated dirty: 	 349

--------------------------------------------------------
act_dep_time
Distinct original dirty: 	 291
Distinct original clean: 	 91
Distinct estimated dirty (whole dataset): 	 527, distinct with ratio 	 527
Distinct estimated dirty (replicate + errors): 	 589.0
Distinct generated dirty: 	 585

Replacements original dirty: 	 208
Replacements generated dirty: 	 3328

Unique replacements count - original dirty: 	 26
Unique replacements count - generated dirty: 	 26 

Typos original dirty: 	 1350
Typos generated dirty: 	 21600

Distinct estimated typo: 	 498
Unique typos count - original dirty: 	 206
Unique typos count - generated dirty: 	 498

--------------------------------------------------------
sched_arr_time
Distinct original dirty: 	 240
Distinct original clean: 	 94
Distinct estimated dirty (whole dataset): 	 419, distinct with ratio 	 419
Distinct estimated dirty (replicate + errors): 	 613.0
Distinct generated dirty: 	 607

Replacements original dirty: 	 20
Replacements generated dirty: 	 320

Unique replacements count - original dirty: 	 8
Unique replacements count - generated dirty: 	 8 

Typos original dirty: 	 1080
Typos generated dirty: 	 17280

Distinct estimated typo: 	 519
Unique typos count - original dirty: 	 146
Unique typos count - generated dirty: 	 517

--------------------------------------------------------
act_arr_time
Distinct original dirty: 	 329
Distinct original clean: 	 96
Distinct estimated dirty (whole dataset): 	 574, distinct with ratio 	 574
Distinct estimated dirty (replicate + errors): 	 670.0
Distinct generated dirty: 	 665

Replacements original dirty: 	 68
Replacements generated dirty: 	 1088

Unique replacements count - original dirty: 	 14
Unique replacements count - generated dirty: 	 14 

Typos original dirty: 	 1283
Typos generated dirty: 	 20528

Distinct estimated typo: 	 574
Unique typos count - original dirty: 	 240
Unique typos count - generated dirty: 	 573

Validation of scaled dataset: 0.0005755424499511719

Time elapsed 3.724853754043579

(38016, 7)
+++++++++++++++++++++++++++++++

real	0m5.055s
user	0m7.443s
sys	0m3.910s
