WARNING:root:'PYARROW_IGNORE_TIMEZONE' environment variable was not set. It is required to set this environment variable to '1' in both driver and executor sides if you use pyarrow>=2.0.0. pandas-on-Spark will set it for you but it does not work if there is a Spark context already launched.
Error dist count [0, 0, 0, 911, 1558, 1100, 1351]
Original error count [   0    0    0  911 1558 1100 1351]
Error distribution computation: 1.0962724685668945

Scale dataset: 0.002776622772216797

Generated dataset
Errors to scaled dataset: 0.3220224380493164

Save dataset: 0.01888561248779297

Error count [[   0.    0.    0. 1822. 3116. 2200. 2702.]]
Computed new error distribution: 0.016917705535888672

--------------------------------------------------------
tuple_id
Mean original dirty: 	 1188.5
Mean generated dirty: 	 1188.5

Var original dirty: 	 470646.0
Var generated dirty: 	 470546.9374868449

Q25 original dirty: 	 594.75
Q25 generated dirty: 	 594.45

INFO: Q25 differs from original dirty data

Q50 original dirty: 	 1188.5
Q50 generated dirty: 	 1188.5

Q75 original dirty: 	 1782.25
Q75 generated dirty: 	 1188.5

INFO: Q75 differs from original dirty data

Skew original dirty: 	 0.0
Skew generated dirty: 	 0.0

Kurtosis original dirty: 	 -1.2000000000000002
Kurtosis generated dirty: 	 -1.2000003191808255

Min original dirty: 	 1
Min generated dirty: 	 1.0

Max original dirty: 	 2376
Max generated dirty: 	 2376.0

--------------------------------------------------------
--------------------------------------------------------
tuple_id
Distinct original dirty: 	 2376
Distinct original clean: 	 2376
Distinct estimated dirty (whole dataset): 	 4752, distinct with ratio 	 4752
Distinct estimated dirty (replicate + errors): 	 2376.0
Distinct generated dirty: 	 2376

--------------------------------------------------------
src
Distinct original dirty: 	 38
Distinct original clean: 	 38
Distinct estimated dirty (whole dataset): 	 39, distinct with ratio 	 39
Distinct estimated dirty (replicate + errors): 	 38.0
Distinct generated dirty: 	 38

--------------------------------------------------------
flight
Distinct original dirty: 	 100
Distinct original clean: 	 100
Distinct estimated dirty (whole dataset): 	 100, distinct with ratio 	 100
Distinct estimated dirty (replicate + errors): 	 100.0
Distinct generated dirty: 	 100

--------------------------------------------------------
sched_dep_time
Distinct original dirty: 	 138
Distinct original clean: 	 79
Distinct estimated dirty (whole dataset): 	 163, distinct with ratio 	 163
Distinct estimated dirty (replicate + errors): 	 164.0
Distinct generated dirty: 	 164

Replacements original dirty: 	 18
Replacements generated dirty: 	 36

Unique replacements count - original dirty: 	 1
Unique replacements count - generated dirty: 	 1 

Typos original dirty: 	 893
Typos generated dirty: 	 1786

Distinct estimated typo: 	 85
Unique typos count - original dirty: 	 59
Unique typos count - generated dirty: 	 85

--------------------------------------------------------
act_dep_time
Distinct original dirty: 	 291
Distinct original clean: 	 91
Distinct estimated dirty (whole dataset): 	 344, distinct with ratio 	 344
Distinct estimated dirty (replicate + errors): 	 347.0
Distinct generated dirty: 	 347

Replacements original dirty: 	 208
Replacements generated dirty: 	 416

Unique replacements count - original dirty: 	 26
Unique replacements count - generated dirty: 	 26 

Typos original dirty: 	 1350
Typos generated dirty: 	 2700

Distinct estimated typo: 	 256
Unique typos count - original dirty: 	 206
Unique typos count - generated dirty: 	 256

--------------------------------------------------------
sched_arr_time
Distinct original dirty: 	 240
Distinct original clean: 	 94
Distinct estimated dirty (whole dataset): 	 272, distinct with ratio 	 272
Distinct estimated dirty (replicate + errors): 	 273.0
Distinct generated dirty: 	 273

Replacements original dirty: 	 20
Replacements generated dirty: 	 40

Unique replacements count - original dirty: 	 8
Unique replacements count - generated dirty: 	 8 

Typos original dirty: 	 1080
Typos generated dirty: 	 2160

Distinct estimated typo: 	 179
Unique typos count - original dirty: 	 146
Unique typos count - generated dirty: 	 179

--------------------------------------------------------
act_arr_time
Distinct original dirty: 	 329
Distinct original clean: 	 96
Distinct estimated dirty (whole dataset): 	 379, distinct with ratio 	 379
Distinct estimated dirty (replicate + errors): 	 384.0
Distinct generated dirty: 	 384

Replacements original dirty: 	 68
Replacements generated dirty: 	 136

Unique replacements count - original dirty: 	 14
Unique replacements count - generated dirty: 	 14 

Typos original dirty: 	 1283
Typos generated dirty: 	 2566

Distinct estimated typo: 	 288
Unique typos count - original dirty: 	 240
Unique typos count - generated dirty: 	 288

Validation of scaled dataset: 0.0004115104675292969

Time elapsed 1.4627327919006348

(4752, 7)
+++++++++++++++++++++++++++++++

real	0m2.717s
user	0m3.633s
sys	0m3.614s
