WARNING:root:'PYARROW_IGNORE_TIMEZONE' environment variable was not set. It is required to set this environment variable to '1' in both driver and executor sides if you use pyarrow>=2.0.0. pandas-on-Spark will set it for you but it does not work if there is a Spark context already launched.
Error dist count [0, 0, 0, 911, 1558, 1100, 1351]
Original error count [   0    0    0  911 1558 1100 1351]
Error distribution computation: 1.103482723236084

Scale dataset: 0.009849786758422852

Generated dataset
Errors to scaled dataset: 0.8657143115997314

Save dataset: 0.09417128562927246

Error count [[    0.     0.     0.  7288. 12464.  8800. 10808.]]
Computed new error distribution: 0.06441116333007812

--------------------------------------------------------
tuple_id
Mean original dirty: 	 1188.5
Mean generated dirty: 	 1188.5

Var original dirty: 	 470646.0
Var generated dirty: 	 470472.66796443413

Q25 original dirty: 	 594.75
Q25 generated dirty: 	 594.4499999999998

INFO: Q25 differs from original dirty data

Q50 original dirty: 	 1188.5
Q50 generated dirty: 	 1188.5

Q75 original dirty: 	 1782.25
Q75 generated dirty: 	 1188.5

INFO: Q75 differs from original dirty data

Skew original dirty: 	 0.0
Skew generated dirty: 	 0.0

Kurtosis original dirty: 	 -1.2000000000000002
Kurtosis generated dirty: 	 -1.2000004185942603

Min original dirty: 	 1
Min generated dirty: 	 1.0

Max original dirty: 	 2376
Max generated dirty: 	 2376.0

--------------------------------------------------------
--------------------------------------------------------
tuple_id
Distinct original dirty: 	 2376
Distinct original clean: 	 2376
Distinct estimated dirty (whole dataset): 	 19008, distinct with ratio 	 19008
Distinct estimated dirty (replicate + errors): 	 2376.0
Distinct generated dirty: 	 2376

--------------------------------------------------------
src
Distinct original dirty: 	 38
Distinct original clean: 	 38
Distinct estimated dirty (whole dataset): 	 39, distinct with ratio 	 39
Distinct estimated dirty (replicate + errors): 	 38.0
Distinct generated dirty: 	 38

--------------------------------------------------------
flight
Distinct original dirty: 	 100
Distinct original clean: 	 100
Distinct estimated dirty (whole dataset): 	 100, distinct with ratio 	 100
Distinct estimated dirty (replicate + errors): 	 100.0
Distinct generated dirty: 	 100

--------------------------------------------------------
sched_dep_time
Distinct original dirty: 	 138
Distinct original clean: 	 79
Distinct estimated dirty (whole dataset): 	 209, distinct with ratio 	 209
Distinct estimated dirty (replicate + errors): 	 283.0
Distinct generated dirty: 	 282

Replacements original dirty: 	 18
Replacements generated dirty: 	 144

Unique replacements count - original dirty: 	 1
Unique replacements count - generated dirty: 	 1 

Typos original dirty: 	 893
Typos generated dirty: 	 7144

Distinct estimated typo: 	 204
Unique typos count - original dirty: 	 59
Unique typos count - generated dirty: 	 204

--------------------------------------------------------
act_dep_time
Distinct original dirty: 	 291
Distinct original clean: 	 91
Distinct estimated dirty (whole dataset): 	 441, distinct with ratio 	 441
Distinct estimated dirty (replicate + errors): 	 472.0
Distinct generated dirty: 	 472

Replacements original dirty: 	 208
Replacements generated dirty: 	 1664

Unique replacements count - original dirty: 	 26
Unique replacements count - generated dirty: 	 26 

Typos original dirty: 	 1350
Typos generated dirty: 	 10800

Distinct estimated typo: 	 381
Unique typos count - original dirty: 	 206
Unique typos count - generated dirty: 	 381

--------------------------------------------------------
sched_arr_time
Distinct original dirty: 	 240
Distinct original clean: 	 94
Distinct estimated dirty (whole dataset): 	 357, distinct with ratio 	 357
Distinct estimated dirty (replicate + errors): 	 423.0
Distinct generated dirty: 	 423

Replacements original dirty: 	 20
Replacements generated dirty: 	 160

Unique replacements count - original dirty: 	 8
Unique replacements count - generated dirty: 	 8 

Typos original dirty: 	 1080
Typos generated dirty: 	 8640

Distinct estimated typo: 	 329
Unique typos count - original dirty: 	 146
Unique typos count - generated dirty: 	 329

--------------------------------------------------------
act_arr_time
Distinct original dirty: 	 329
Distinct original clean: 	 96
Distinct estimated dirty (whole dataset): 	 476, distinct with ratio 	 476
Distinct estimated dirty (replicate + errors): 	 516.0
Distinct generated dirty: 	 513

Replacements original dirty: 	 68
Replacements generated dirty: 	 544

Unique replacements count - original dirty: 	 14
Unique replacements count - generated dirty: 	 14 

Typos original dirty: 	 1283
Typos generated dirty: 	 10264

Distinct estimated typo: 	 420
Unique typos count - original dirty: 	 240
Unique typos count - generated dirty: 	 420

Validation of scaled dataset: 0.0006146430969238281

Time elapsed 2.145627498626709

(19008, 7)
+++++++++++++++++++++++++++++++

real	0m3.418s
user	0m4.606s
sys	0m3.730s
