WARNING:root:'PYARROW_IGNORE_TIMEZONE' environment variable was not set. It is required to set this environment variable to '1' in both driver and executor sides if you use pyarrow>=2.0.0. pandas-on-Spark will set it for you but it does not work if there is a Spark context already launched.
Error dist count [0, 0, 0, 911, 1558, 1100, 1351]
Original error count [   0    0    0  911 1558 1100 1351]
Error distribution computation: 1.2081048488616943

Scale dataset: 0.006840229034423828

Generated dataset
Errors to scaled dataset: 0.4884376525878906

Save dataset: 0.04843950271606445

Error count [[   0.    0.    0. 3644. 6232. 4400. 5404.]]
Computed new error distribution: 0.037807464599609375

--------------------------------------------------------
tuple_id
Mean original dirty: 	 1188.5
Mean generated dirty: 	 1188.5

Var original dirty: 	 470646.0
Var generated dirty: 	 470497.4218667789

Q25 original dirty: 	 594.75
Q25 generated dirty: 	 594.4499999999998

INFO: Q25 differs from original dirty data

Q50 original dirty: 	 1188.5
Q50 generated dirty: 	 1188.5

Q75 original dirty: 	 1782.25
Q75 generated dirty: 	 1188.5

INFO: Q75 differs from original dirty data

Skew original dirty: 	 0.0
Skew generated dirty: 	 0.0

Kurtosis original dirty: 	 -1.2000000000000002
Kurtosis generated dirty: 	 -1.2000003987661023

Min original dirty: 	 1
Min generated dirty: 	 1.0

Max original dirty: 	 2376
Max generated dirty: 	 2376.0

--------------------------------------------------------
--------------------------------------------------------
tuple_id
Distinct original dirty: 	 2376
Distinct original clean: 	 2376
Distinct estimated dirty (whole dataset): 	 9504, distinct with ratio 	 9504
Distinct estimated dirty (replicate + errors): 	 2376.0
Distinct generated dirty: 	 2376

--------------------------------------------------------
src
Distinct original dirty: 	 38
Distinct original clean: 	 38
Distinct estimated dirty (whole dataset): 	 39, distinct with ratio 	 39
Distinct estimated dirty (replicate + errors): 	 38.0
Distinct generated dirty: 	 38

--------------------------------------------------------
flight
Distinct original dirty: 	 100
Distinct original clean: 	 100
Distinct estimated dirty (whole dataset): 	 100, distinct with ratio 	 100
Distinct estimated dirty (replicate + errors): 	 100.0
Distinct generated dirty: 	 100

--------------------------------------------------------
sched_dep_time
Distinct original dirty: 	 138
Distinct original clean: 	 79
Distinct estimated dirty (whole dataset): 	 191, distinct with ratio 	 191
Distinct estimated dirty (replicate + errors): 	 207.0
Distinct generated dirty: 	 206

Replacements original dirty: 	 18
Replacements generated dirty: 	 72

Unique replacements count - original dirty: 	 1
Unique replacements count - generated dirty: 	 1 

Typos original dirty: 	 893
Typos generated dirty: 	 3572

Distinct estimated typo: 	 128
Unique typos count - original dirty: 	 59
Unique typos count - generated dirty: 	 128

--------------------------------------------------------
act_dep_time
Distinct original dirty: 	 291
Distinct original clean: 	 91
Distinct estimated dirty (whole dataset): 	 392, distinct with ratio 	 392
Distinct estimated dirty (replicate + errors): 	 404.0
Distinct generated dirty: 	 403

Replacements original dirty: 	 208
Replacements generated dirty: 	 832

Unique replacements count - original dirty: 	 26
Unique replacements count - generated dirty: 	 26 

Typos original dirty: 	 1350
Typos generated dirty: 	 5400

Distinct estimated typo: 	 313
Unique typos count - original dirty: 	 206
Unique typos count - generated dirty: 	 313

--------------------------------------------------------
sched_arr_time
Distinct original dirty: 	 240
Distinct original clean: 	 94
Distinct estimated dirty (whole dataset): 	 311, distinct with ratio 	 311
Distinct estimated dirty (replicate + errors): 	 325.0
Distinct generated dirty: 	 325

Replacements original dirty: 	 20
Replacements generated dirty: 	 80

Unique replacements count - original dirty: 	 8
Unique replacements count - generated dirty: 	 8 

Typos original dirty: 	 1080
Typos generated dirty: 	 4320

Distinct estimated typo: 	 231
Unique typos count - original dirty: 	 146
Unique typos count - generated dirty: 	 231

--------------------------------------------------------
act_arr_time
Distinct original dirty: 	 329
Distinct original clean: 	 96
Distinct estimated dirty (whole dataset): 	 424, distinct with ratio 	 424
Distinct estimated dirty (replicate + errors): 	 436.0
Distinct generated dirty: 	 435

Replacements original dirty: 	 68
Replacements generated dirty: 	 272

Unique replacements count - original dirty: 	 14
Unique replacements count - generated dirty: 	 14 

Typos original dirty: 	 1283
Typos generated dirty: 	 5132

Distinct estimated typo: 	 340
Unique typos count - original dirty: 	 240
Unique typos count - generated dirty: 	 340

Validation of scaled dataset: 0.0005748271942138672

Time elapsed 1.79756498336792

(9504, 7)
+++++++++++++++++++++++++++++++

real	0m3.064s
user	0m4.167s
sys	0m3.385s
