WARNING:root:'PYARROW_IGNORE_TIMEZONE' environment variable was not set. It is required to set this environment variable to '1' in both driver and executor sides if you use pyarrow>=2.0.0. pandas-on-Spark will set it for you but it does not work if there is a Spark context already launched.
Error dist count [0, 0, 0, 911, 1558, 1100, 1351]
Original error count [   0    0    0  911 1558 1100 1351]
Error distribution computation: 1.0935111045837402

Scale dataset: 3.5412380695343018

Generated dataset
Errors to scaled dataset: 381.2019329071045

Save dataset: 2.5458850860595703

Error count [[     0.      0.      0. 233216. 398848. 281600. 345856.]]
Computed new error distribution: 0.9638299942016602

--------------------------------------------------------
tuple_id
Mean original dirty: 	 1188.5
Mean generated dirty: 	 1188.5

Var original dirty: 	 470646.0
Var generated dirty: 	 470448.6901053012

Q25 original dirty: 	 594.75
Q25 generated dirty: 	 594.4500000000116

INFO: Q25 differs from original dirty data

Q50 original dirty: 	 1188.5
Q50 generated dirty: 	 1188.5

Q75 original dirty: 	 1782.25
Q75 generated dirty: 	 1188.5

INFO: Q75 differs from original dirty data

Skew original dirty: 	 0.0
Skew generated dirty: 	 0.0

Kurtosis original dirty: 	 -1.2000000000000002
Kurtosis generated dirty: 	 -1.2000004251237708

Min original dirty: 	 1
Min generated dirty: 	 1.0

Max original dirty: 	 2376
Max generated dirty: 	 2376.0

--------------------------------------------------------
--------------------------------------------------------
tuple_id
Distinct original dirty: 	 2376
Distinct original clean: 	 2376
Distinct estimated dirty (whole dataset): 	 608256, distinct with ratio 	 608256
Distinct estimated dirty (replicate + errors): 	 2376.0
Distinct generated dirty: 	 2376

--------------------------------------------------------
src
Distinct original dirty: 	 38
Distinct original clean: 	 38
Distinct estimated dirty (whole dataset): 	 42, distinct with ratio 	 42
Distinct estimated dirty (replicate + errors): 	 38.0
Distinct generated dirty: 	 38

--------------------------------------------------------
flight
Distinct original dirty: 	 100
Distinct original clean: 	 100
Distinct estimated dirty (whole dataset): 	 100, distinct with ratio 	 100
Distinct estimated dirty (replicate + errors): 	 100.0
Distinct generated dirty: 	 100

--------------------------------------------------------
sched_dep_time
Distinct original dirty: 	 138
Distinct original clean: 	 79
Distinct estimated dirty (whole dataset): 	 913, distinct with ratio 	 913
Distinct estimated dirty (replicate + errors): 	 3508.0
Distinct generated dirty: 	 3411

Replacements original dirty: 	 18
Replacements generated dirty: 	 4608

Unique replacements count - original dirty: 	 1
Unique replacements count - generated dirty: 	 1 

Typos original dirty: 	 893
Typos generated dirty: 	 228608

Distinct estimated typo: 	 3429
Unique typos count - original dirty: 	 59
Unique typos count - generated dirty: 	 3356

--------------------------------------------------------
act_dep_time
Distinct original dirty: 	 291
Distinct original clean: 	 91
Distinct estimated dirty (whole dataset): 	 2978, distinct with ratio 	 2978
Distinct estimated dirty (replicate + errors): 	 3758.0
Distinct generated dirty: 	 3676

Replacements original dirty: 	 208
Replacements generated dirty: 	 53248

Unique replacements count - original dirty: 	 26
Unique replacements count - generated dirty: 	 26 

Typos original dirty: 	 1350
Typos generated dirty: 	 345600

Distinct estimated typo: 	 3667
Unique typos count - original dirty: 	 206
Unique typos count - generated dirty: 	 3615

--------------------------------------------------------
sched_arr_time
Distinct original dirty: 	 240
Distinct original clean: 	 94
Distinct estimated dirty (whole dataset): 	 2154, distinct with ratio 	 2154
Distinct estimated dirty (replicate + errors): 	 5572.0
Distinct generated dirty: 	 5413

Replacements original dirty: 	 20
Replacements generated dirty: 	 5120

Unique replacements count - original dirty: 	 8
Unique replacements count - generated dirty: 	 8 

Typos original dirty: 	 1080
Typos generated dirty: 	 276480

Distinct estimated typo: 	 5478
Unique typos count - original dirty: 	 146
Unique typos count - generated dirty: 	 5351

--------------------------------------------------------
act_arr_time
Distinct original dirty: 	 329
Distinct original clean: 	 96
Distinct estimated dirty (whole dataset): 	 3397, distinct with ratio 	 3397
Distinct estimated dirty (replicate + errors): 	 4823.0
Distinct generated dirty: 	 4714

Replacements original dirty: 	 68
Replacements generated dirty: 	 17408

Unique replacements count - original dirty: 	 14
Unique replacements count - generated dirty: 	 14 

Typos original dirty: 	 1283
Typos generated dirty: 	 328448

Distinct estimated typo: 	 4727
Unique typos count - original dirty: 	 240
Unique typos count - generated dirty: 	 4646

Validation of scaled dataset: 0.0003819465637207031

Time elapsed 389.35142183303833

(608256, 7)
+++++++++++++++++++++++++++++++

real	6m30.700s
user	9m36.126s
sys	0m6.488s
