WARNING:root:'PYARROW_IGNORE_TIMEZONE' environment variable was not set. It is required to set this environment variable to '1' in both driver and executor sides if you use pyarrow>=2.0.0. pandas-on-Spark will set it for you but it does not work if there is a Spark context already launched.
Error dist count [0, 28, 24, 31, 0, 0, 33, 26, 30, 39, 34, 32, 27, 27, 32, 29, 36, 23, 31, 27]
Original error count [ 0 28 24 31  0  0 33 26 30 39 34 32 27 27 32 29 36 23 31 27]
Error distribution computation: 0.23135590553283691

Scale dataset: 0.017107725143432617

Generated dataset
Errors to scaled dataset: 0.40996646881103516

Save dataset: 0.06849551200866699

Error count [[  0. 112.  96. 124.   0.   0. 132. 104. 120. 156. 136. 128. 108. 108.
  128. 116. 144.  92. 124. 108.]]
Computed new error distribution: 0.042258262634277344

--------------------------------------------------------
index
Mean original dirty: 	 500.5
Mean generated dirty: 	 500.5

Var original dirty: 	 83416.66666666667
Var generated dirty: 	 83354.08852213054

Q25 original dirty: 	 250.75
Q25 generated dirty: 	 250.45000000000005

INFO: Q25 differs from original dirty data

Q50 original dirty: 	 500.5
Q50 generated dirty: 	 500.5

Q75 original dirty: 	 750.25
Q75 generated dirty: 	 500.5

INFO: Q75 differs from original dirty data

Skew original dirty: 	 0.0
Skew generated dirty: 	 0.0

Kurtosis original dirty: 	 -1.2
Kurtosis generated dirty: 	 -1.200002252817427

Min original dirty: 	 1.0
Min generated dirty: 	 1.0

Max original dirty: 	 1000.0
Max generated dirty: 	 1000.0

--------------------------------------------------------
--------------------------------------------------------
provider_number
Mean original dirty: 	 9952.466
Mean generated dirty: 	 9947.5865

Var original dirty: 	 4811263.5644084085
Var generated dirty: 	 4756990.202568392

Q25 original dirty: 	 10014.25
Q25 generated dirty: 	 10015.0

INFO: Q25 differs from original dirty data

Q50 original dirty: 	 10029.0
Q50 generated dirty: 	 10029.0

Q75 original dirty: 	 10044.0
Q75 generated dirty: 	 10029.0

INFO: Q75 differs from original dirty data

Skew original dirty: 	 -0.6853985665633512
Skew generated dirty: 	 -0.7380455395654818

Kurtosis original dirty: 	 17.86984961921307
Kurtosis generated dirty: 	 18.01004844078775

Min original dirty: 	 0.0
Min generated dirty: 	 0.0

Max original dirty: 	 20018.0
Max generated dirty: 	 20018.0

--------------------------------------------------------
--------------------------------------------------------
zip
Mean original dirty: 	 36108.187
Mean generated dirty: 	 36043.3375

Var original dirty: 	 119910807.08912009
Var generated dirty: 	 115794866.87081145

Q25 original dirty: 	 35570.0
Q25 generated dirty: 	 35570.0

Q50 original dirty: 	 35968.0
Q50 generated dirty: 	 35968.0

Q75 original dirty: 	 36302.0
Q75 generated dirty: 	 35968.0

INFO: Q75 differs from original dirty data

Skew original dirty: 	 2.81521367118974
Skew generated dirty: 	 2.7733839477916113

Kurtosis original dirty: 	 23.20116501609981
Kurtosis generated dirty: 	 23.816633399246317

Min original dirty: 	 0.0
Min generated dirty: 	 0.0

Max original dirty: 	 99559.0
Max generated dirty: 	 99559.0

--------------------------------------------------------
--------------------------------------------------------
phone
Mean original dirty: 	 2784249377.401
Mean generated dirty: 	 2786341295.972

Var original dirty: 	 1.3052250686148237e+18
Var generated dirty: 	 1.2858977739095462e+18

Q25 original dirty: 	 2059397000.0
Q25 generated dirty: 	 2059397000.0

Q50 original dirty: 	 2567372000.0
Q50 generated dirty: 	 2567372000.0

Q75 original dirty: 	 3343470584.0
Q75 generated dirty: 	 2567372000.0

INFO: Q75 differs from original dirty data

Skew original dirty: 	 2.8367750669317946
Skew generated dirty: 	 2.8045961625160323

Kurtosis original dirty: 	 16.74838977092435
Kurtosis generated dirty: 	 16.752638796831427

Min original dirty: 	 0.0
Min generated dirty: 	 0.0

Max original dirty: 	 9075436300.0
Max generated dirty: 	 9075436300.0

--------------------------------------------------------
--------------------------------------------------------
index
Distinct original dirty: 	 1000
Distinct original clean: 	 1000
Distinct estimated dirty (whole dataset): 	 4000, distinct with ratio 	 4000
Distinct estimated dirty (replicate + errors): 	 1000.0
Distinct generated dirty: 	 1000

--------------------------------------------------------
provider_number
Distinct original dirty: 	 46
Distinct original clean: 	 45
Distinct estimated dirty (whole dataset): 	 47, distinct with ratio 	 47
Distinct estimated dirty (replicate + errors): 	 46.0
Distinct generated dirty: 	 45

MV original dirty: 	 28
MV generated dirty: 	 112

Distinct estimated mv: 	 1
Unique MV count - original dirty: 	 1
Unique MV count - generated dirty: 	 2

--------------------------------------------------------
name
Distinct original dirty: 	 69
Distinct original clean: 	 45
Distinct estimated dirty (whole dataset): 	 132, distinct with ratio 	 132
Distinct estimated dirty (replicate + errors): 	 141.0
Distinct generated dirty: 	 141

Typos original dirty: 	 24
Typos generated dirty: 	 96

Distinct estimated typo: 	 96
Unique typos count - original dirty: 	 24
Unique typos count - generated dirty: 	 96

--------------------------------------------------------
address_1
Distinct original dirty: 	 76
Distinct original clean: 	 45
Distinct estimated dirty (whole dataset): 	 164, distinct with ratio 	 164
Distinct estimated dirty (replicate + errors): 	 169.0
Distinct generated dirty: 	 168

Typos original dirty: 	 31
Typos generated dirty: 	 124

Distinct estimated typo: 	 124
Unique typos count - original dirty: 	 31
Unique typos count - generated dirty: 	 124

--------------------------------------------------------
address_2
Distinct original dirty: 	 1
Distinct original clean: 	 1
Distinct estimated dirty (whole dataset): 	 1, distinct with ratio 	 1
Distinct estimated dirty (replicate + errors): 	 1.0
Distinct generated dirty: 	 1

--------------------------------------------------------
address_3
Distinct original dirty: 	 1
Distinct original clean: 	 1
Distinct estimated dirty (whole dataset): 	 1, distinct with ratio 	 1
Distinct estimated dirty (replicate + errors): 	 1.0
Distinct generated dirty: 	 1

--------------------------------------------------------
city
Distinct original dirty: 	 72
Distinct original clean: 	 39
Distinct estimated dirty (whole dataset): 	 166, distinct with ratio 	 166
Distinct estimated dirty (replicate + errors): 	 171.0
Distinct generated dirty: 	 170

Typos original dirty: 	 33
Typos generated dirty: 	 132

Distinct estimated typo: 	 132
Unique typos count - original dirty: 	 33
Unique typos count - generated dirty: 	 132

--------------------------------------------------------
state
Distinct original dirty: 	 4
Distinct original clean: 	 2
Distinct estimated dirty (whole dataset): 	 4, distinct with ratio 	 4
Distinct estimated dirty (replicate + errors): 	 4.0
Distinct generated dirty: 	 4

Typos original dirty: 	 26
Typos generated dirty: 	 104

Distinct estimated typo: 	 2
Unique typos count - original dirty: 	 2
Unique typos count - generated dirty: 	 2

--------------------------------------------------------
zip
Distinct original dirty: 	 45
Distinct original clean: 	 44
Distinct estimated dirty (whole dataset): 	 46, distinct with ratio 	 46
Distinct estimated dirty (replicate + errors): 	 45.0
Distinct generated dirty: 	 45

MV original dirty: 	 30
MV generated dirty: 	 120

Distinct estimated mv: 	 1
Unique MV count - original dirty: 	 1
Unique MV count - generated dirty: 	 2

--------------------------------------------------------
county
Distinct original dirty: 	 65
Distinct original clean: 	 33
Distinct estimated dirty (whole dataset): 	 125, distinct with ratio 	 125
Distinct estimated dirty (replicate + errors): 	 129.0
Distinct generated dirty: 	 129

Typos original dirty: 	 39
Typos generated dirty: 	 156

Distinct estimated typo: 	 96
Unique typos count - original dirty: 	 32
Unique typos count - generated dirty: 	 96

--------------------------------------------------------
phone
Distinct original dirty: 	 46
Distinct original clean: 	 45
Distinct estimated dirty (whole dataset): 	 47, distinct with ratio 	 47
Distinct estimated dirty (replicate + errors): 	 46.0
Distinct generated dirty: 	 46

MV original dirty: 	 34
MV generated dirty: 	 136

Distinct estimated mv: 	 1
Unique MV count - original dirty: 	 1
Unique MV count - generated dirty: 	 2

--------------------------------------------------------
type
Distinct original dirty: 	 13
Distinct original clean: 	 1
Distinct estimated dirty (whole dataset): 	 24, distinct with ratio 	 24
Distinct estimated dirty (replicate + errors): 	 24.0
Distinct generated dirty: 	 24

Typos original dirty: 	 32
Typos generated dirty: 	 128

Distinct estimated typo: 	 23
Unique typos count - original dirty: 	 12
Unique typos count - generated dirty: 	 23

--------------------------------------------------------
owner
Distinct original dirty: 	 27
Distinct original clean: 	 8
Distinct estimated dirty (whole dataset): 	 57, distinct with ratio 	 57
Distinct estimated dirty (replicate + errors): 	 57.0
Distinct generated dirty: 	 57

Typos original dirty: 	 27
Typos generated dirty: 	 108

Distinct estimated typo: 	 49
Unique typos count - original dirty: 	 19
Unique typos count - generated dirty: 	 49

--------------------------------------------------------
emergency_service
Distinct original dirty: 	 6
Distinct original clean: 	 2
Distinct estimated dirty (whole dataset): 	 6, distinct with ratio 	 6
Distinct estimated dirty (replicate + errors): 	 6.0
Distinct generated dirty: 	 6

Typos original dirty: 	 27
Typos generated dirty: 	 108

Distinct estimated typo: 	 4
Unique typos count - original dirty: 	 4
Unique typos count - generated dirty: 	 4

--------------------------------------------------------
condition
Distinct original dirty: 	 28
Distinct original clean: 	 5
Distinct estimated dirty (whole dataset): 	 64, distinct with ratio 	 64
Distinct estimated dirty (replicate + errors): 	 65.0
Distinct generated dirty: 	 65

Typos original dirty: 	 32
Typos generated dirty: 	 128

Distinct estimated typo: 	 60
Unique typos count - original dirty: 	 23
Unique typos count - generated dirty: 	 60

--------------------------------------------------------
measure_code
Distinct original dirty: 	 54
Distinct original clean: 	 28
Distinct estimated dirty (whole dataset): 	 112, distinct with ratio 	 112
Distinct estimated dirty (replicate + errors): 	 117.0
Distinct generated dirty: 	 115

Typos original dirty: 	 29
Typos generated dirty: 	 116

Distinct estimated typo: 	 89
Unique typos count - original dirty: 	 26
Unique typos count - generated dirty: 	 89

--------------------------------------------------------
measure_name
Distinct original dirty: 	 64
Distinct original clean: 	 28
Distinct estimated dirty (whole dataset): 	 164, distinct with ratio 	 164
Distinct estimated dirty (replicate + errors): 	 172.0
Distinct generated dirty: 	 172

Typos original dirty: 	 36
Typos generated dirty: 	 144

Distinct estimated typo: 	 144
Unique typos count - original dirty: 	 36
Unique typos count - generated dirty: 	 144

--------------------------------------------------------
score
Distinct original dirty: 	 69
Distinct original clean: 	 57
Distinct estimated dirty (whole dataset): 	 106, distinct with ratio 	 106
Distinct estimated dirty (replicate + errors): 	 84.0
Distinct generated dirty: 	 82

Typos original dirty: 	 23
Typos generated dirty: 	 92

Distinct estimated typo: 	 27
Unique typos count - original dirty: 	 13
Unique typos count - generated dirty: 	 26

--------------------------------------------------------
sample
Distinct original dirty: 	 334
Distinct original clean: 	 309
Distinct estimated dirty (whole dataset): 	 657, distinct with ratio 	 657
Distinct estimated dirty (replicate + errors): 	 424.0
Distinct generated dirty: 	 424

Typos original dirty: 	 31
Typos generated dirty: 	 124

Distinct estimated typo: 	 115
Unique typos count - original dirty: 	 30
Unique typos count - generated dirty: 	 115

--------------------------------------------------------
state_average
Distinct original dirty: 	 74
Distinct original clean: 	 48
Distinct estimated dirty (whole dataset): 	 198, distinct with ratio 	 198
Distinct estimated dirty (replicate + errors): 	 147.0
Distinct generated dirty: 	 146

Typos original dirty: 	 27
Typos generated dirty: 	 108

Distinct estimated typo: 	 99
Unique typos count - original dirty: 	 26
Unique typos count - generated dirty: 	 98

Validation of scaled dataset: 0.001291513442993164

Time elapsed 0.7807462215423584

(4000, 20)
+++++++++++++++++++++++++++++++

real	0m2.078s
user	0m3.183s
sys	0m3.847s
