WARNING:root:'PYARROW_IGNORE_TIMEZONE' environment variable was not set. It is required to set this environment variable to '1' in both driver and executor sides if you use pyarrow>=2.0.0. pandas-on-Spark will set it for you but it does not work if there is a Spark context already launched.
Error dist count [0, 28, 24, 31, 0, 0, 33, 26, 30, 39, 34, 32, 27, 27, 32, 29, 36, 23, 31, 27]
Original error count [ 0 28 24 31  0  0 33 26 30 39 34 32 27 27 32 29 36 23 31 27]
Error distribution computation: 0.22999143600463867

Scale dataset: 0.07831835746765137

Generated dataset
Errors to scaled dataset: 0.620668888092041

Save dataset: 0.26903295516967773

Error count [[  0. 448. 384. 496.   0.   0. 528. 416. 480. 624. 544. 512. 432. 432.
  512. 464. 576. 368. 496. 432.]]
Computed new error distribution: 0.09522795677185059

--------------------------------------------------------
index
Mean original dirty: 	 500.5
Mean generated dirty: 	 500.5

Var original dirty: 	 83416.66666666667
Var generated dirty: 	 83338.45865366586

Q25 original dirty: 	 250.75
Q25 generated dirty: 	 250.44999999999982

INFO: Q25 differs from original dirty data

Q50 original dirty: 	 500.5
Q50 generated dirty: 	 500.5

Q75 original dirty: 	 750.25
Q75 generated dirty: 	 500.5

INFO: Q75 differs from original dirty data

Skew original dirty: 	 0.0
Skew generated dirty: 	 0.0

Kurtosis original dirty: 	 -1.2
Kurtosis generated dirty: 	 -1.200002391374639

Min original dirty: 	 1.0
Min generated dirty: 	 1.0

Max original dirty: 	 1000.0
Max generated dirty: 	 1000.0

--------------------------------------------------------
--------------------------------------------------------
provider_number
Mean original dirty: 	 9952.466
Mean generated dirty: 	 9946.9011875

Var original dirty: 	 4811263.5644084085
Var generated dirty: 	 4749743.846789014

Q25 original dirty: 	 10014.25
Q25 generated dirty: 	 10015.0

INFO: Q25 differs from original dirty data

Q50 original dirty: 	 10029.0
Q50 generated dirty: 	 10029.0

Q75 original dirty: 	 10044.0
Q75 generated dirty: 	 10029.0

INFO: Q75 differs from original dirty data

Skew original dirty: 	 -0.6853985665633512
Skew generated dirty: 	 -0.7445450421299175

Kurtosis original dirty: 	 17.86984961921307
Kurtosis generated dirty: 	 18.01879438056719

Min original dirty: 	 0.0
Min generated dirty: 	 0.0

Max original dirty: 	 20018.0
Max generated dirty: 	 20018.0

--------------------------------------------------------
--------------------------------------------------------
zip
Mean original dirty: 	 36108.187
Mean generated dirty: 	 36073.511625

Var original dirty: 	 119910807.08912009
Var generated dirty: 	 117787137.42420389

Q25 original dirty: 	 35570.0
Q25 generated dirty: 	 35570.0

Q50 original dirty: 	 35968.0
Q50 generated dirty: 	 35968.0

Q75 original dirty: 	 36302.0
Q75 generated dirty: 	 35968.0

INFO: Q75 differs from original dirty data

Skew original dirty: 	 2.81521367118974
Skew generated dirty: 	 2.7934247219341626

Kurtosis original dirty: 	 23.20116501609981
Kurtosis generated dirty: 	 23.438309755244845

Min original dirty: 	 0.0
Min generated dirty: 	 0.0

Max original dirty: 	 99559.0
Max generated dirty: 	 99559.0

--------------------------------------------------------
--------------------------------------------------------
phone
Mean original dirty: 	 2784249377.401
Mean generated dirty: 	 2785896099.7355623

Var original dirty: 	 1.3052250686148237e+18
Var generated dirty: 	 1.2822005841365624e+18

Q25 original dirty: 	 2059397000.0
Q25 generated dirty: 	 2059397000.0

Q50 original dirty: 	 2567372000.0
Q50 generated dirty: 	 2567372000.0

Q75 original dirty: 	 3343470584.0
Q75 generated dirty: 	 2567372000.0

INFO: Q75 differs from original dirty data

Skew original dirty: 	 2.8367750669317946
Skew generated dirty: 	 2.8058631251684947

Kurtosis original dirty: 	 16.74838977092435
Kurtosis generated dirty: 	 16.786847047672858

Min original dirty: 	 0.0
Min generated dirty: 	 0.0

Max original dirty: 	 9075436300.0
Max generated dirty: 	 9075436300.0

--------------------------------------------------------
--------------------------------------------------------
index
Distinct original dirty: 	 1000
Distinct original clean: 	 1000
Distinct estimated dirty (whole dataset): 	 16000, distinct with ratio 	 16000
Distinct estimated dirty (replicate + errors): 	 1000.0
Distinct generated dirty: 	 1000

--------------------------------------------------------
provider_number
Distinct original dirty: 	 46
Distinct original clean: 	 45
Distinct estimated dirty (whole dataset): 	 47, distinct with ratio 	 47
Distinct estimated dirty (replicate + errors): 	 46.0
Distinct generated dirty: 	 46

MV original dirty: 	 28
MV generated dirty: 	 448

Distinct estimated mv: 	 1
Unique MV count - original dirty: 	 1
Unique MV count - generated dirty: 	 2

--------------------------------------------------------
name
Distinct original dirty: 	 69
Distinct original clean: 	 45
Distinct estimated dirty (whole dataset): 	 124, distinct with ratio 	 124
Distinct estimated dirty (replicate + errors): 	 429.0
Distinct generated dirty: 	 428

Typos original dirty: 	 24
Typos generated dirty: 	 384

Distinct estimated typo: 	 384
Unique typos count - original dirty: 	 24
Unique typos count - generated dirty: 	 384

--------------------------------------------------------
address_1
Distinct original dirty: 	 76
Distinct original clean: 	 45
Distinct estimated dirty (whole dataset): 	 160, distinct with ratio 	 160
Distinct estimated dirty (replicate + errors): 	 541.0
Distinct generated dirty: 	 536

Typos original dirty: 	 31
Typos generated dirty: 	 496

Distinct estimated typo: 	 496
Unique typos count - original dirty: 	 31
Unique typos count - generated dirty: 	 495

--------------------------------------------------------
address_2
Distinct original dirty: 	 1
Distinct original clean: 	 1
Distinct estimated dirty (whole dataset): 	 1, distinct with ratio 	 1
Distinct estimated dirty (replicate + errors): 	 1.0
Distinct generated dirty: 	 1

--------------------------------------------------------
address_3
Distinct original dirty: 	 1
Distinct original clean: 	 1
Distinct estimated dirty (whole dataset): 	 1, distinct with ratio 	 1
Distinct estimated dirty (replicate + errors): 	 1.0
Distinct generated dirty: 	 1

--------------------------------------------------------
city
Distinct original dirty: 	 72
Distinct original clean: 	 39
Distinct estimated dirty (whole dataset): 	 173, distinct with ratio 	 173
Distinct estimated dirty (replicate + errors): 	 567.0
Distinct generated dirty: 	 561

Typos original dirty: 	 33
Typos generated dirty: 	 528

Distinct estimated typo: 	 528
Unique typos count - original dirty: 	 33
Unique typos count - generated dirty: 	 524

--------------------------------------------------------
state
Distinct original dirty: 	 4
Distinct original clean: 	 2
Distinct estimated dirty (whole dataset): 	 4, distinct with ratio 	 4
Distinct estimated dirty (replicate + errors): 	 4.0
Distinct generated dirty: 	 4

Typos original dirty: 	 26
Typos generated dirty: 	 416

Distinct estimated typo: 	 2
Unique typos count - original dirty: 	 2
Unique typos count - generated dirty: 	 2

--------------------------------------------------------
zip
Distinct original dirty: 	 45
Distinct original clean: 	 44
Distinct estimated dirty (whole dataset): 	 46, distinct with ratio 	 46
Distinct estimated dirty (replicate + errors): 	 45.0
Distinct generated dirty: 	 45

MV original dirty: 	 30
MV generated dirty: 	 480

Distinct estimated mv: 	 1
Unique MV count - original dirty: 	 1
Unique MV count - generated dirty: 	 2

--------------------------------------------------------
county
Distinct original dirty: 	 65
Distinct original clean: 	 33
Distinct estimated dirty (whole dataset): 	 145, distinct with ratio 	 145
Distinct estimated dirty (replicate + errors): 	 375.0
Distinct generated dirty: 	 367

Typos original dirty: 	 39
Typos generated dirty: 	 624

Distinct estimated typo: 	 342
Unique typos count - original dirty: 	 32
Unique typos count - generated dirty: 	 339

--------------------------------------------------------
phone
Distinct original dirty: 	 46
Distinct original clean: 	 45
Distinct estimated dirty (whole dataset): 	 47, distinct with ratio 	 47
Distinct estimated dirty (replicate + errors): 	 46.0
Distinct generated dirty: 	 46

MV original dirty: 	 34
MV generated dirty: 	 544

Distinct estimated mv: 	 1
Unique MV count - original dirty: 	 1
Unique MV count - generated dirty: 	 2

--------------------------------------------------------
type
Distinct original dirty: 	 13
Distinct original clean: 	 1
Distinct estimated dirty (whole dataset): 	 52, distinct with ratio 	 52
Distinct estimated dirty (replicate + errors): 	 52.0
Distinct generated dirty: 	 51

Typos original dirty: 	 32
Typos generated dirty: 	 512

Distinct estimated typo: 	 51
Unique typos count - original dirty: 	 12
Unique typos count - generated dirty: 	 51

--------------------------------------------------------
owner
Distinct original dirty: 	 27
Distinct original clean: 	 8
Distinct estimated dirty (whole dataset): 	 125, distinct with ratio 	 125
Distinct estimated dirty (replicate + errors): 	 167.0
Distinct generated dirty: 	 167

Typos original dirty: 	 27
Typos generated dirty: 	 432

Distinct estimated typo: 	 159
Unique typos count - original dirty: 	 19
Unique typos count - generated dirty: 	 159

--------------------------------------------------------
emergency_service
Distinct original dirty: 	 6
Distinct original clean: 	 2
Distinct estimated dirty (whole dataset): 	 6, distinct with ratio 	 6
Distinct estimated dirty (replicate + errors): 	 6.0
Distinct generated dirty: 	 6

Typos original dirty: 	 27
Typos generated dirty: 	 432

Distinct estimated typo: 	 4
Unique typos count - original dirty: 	 4
Unique typos count - generated dirty: 	 4

--------------------------------------------------------
condition
Distinct original dirty: 	 28
Distinct original clean: 	 5
Distinct estimated dirty (whole dataset): 	 182, distinct with ratio 	 182
Distinct estimated dirty (replicate + errors): 	 204.0
Distinct generated dirty: 	 203

Typos original dirty: 	 32
Typos generated dirty: 	 512

Distinct estimated typo: 	 199
Unique typos count - original dirty: 	 23
Unique typos count - generated dirty: 	 199

--------------------------------------------------------
measure_code
Distinct original dirty: 	 54
Distinct original clean: 	 28
Distinct estimated dirty (whole dataset): 	 141, distinct with ratio 	 141
Distinct estimated dirty (replicate + errors): 	 365.0
Distinct generated dirty: 	 359

Typos original dirty: 	 29
Typos generated dirty: 	 464

Distinct estimated typo: 	 337
Unique typos count - original dirty: 	 26
Unique typos count - generated dirty: 	 334

--------------------------------------------------------
measure_name
Distinct original dirty: 	 64
Distinct original clean: 	 28
Distinct estimated dirty (whole dataset): 	 235, distinct with ratio 	 235
Distinct estimated dirty (replicate + errors): 	 604.0
Distinct generated dirty: 	 603

Typos original dirty: 	 36
Typos generated dirty: 	 576

Distinct estimated typo: 	 576
Unique typos count - original dirty: 	 36
Unique typos count - generated dirty: 	 576

--------------------------------------------------------
score
Distinct original dirty: 	 69
Distinct original clean: 	 57
Distinct estimated dirty (whole dataset): 	 153, distinct with ratio 	 153
Distinct estimated dirty (replicate + errors): 	 131.0
Distinct generated dirty: 	 126

Typos original dirty: 	 23
Typos generated dirty: 	 368

Distinct estimated typo: 	 74
Unique typos count - original dirty: 	 13
Unique typos count - generated dirty: 	 72

--------------------------------------------------------
sample
Distinct original dirty: 	 334
Distinct original clean: 	 309
Distinct estimated dirty (whole dataset): 	 1549, distinct with ratio 	 1549
Distinct estimated dirty (replicate + errors): 	 761.0
Distinct generated dirty: 	 749

Typos original dirty: 	 31
Typos generated dirty: 	 496

Distinct estimated typo: 	 452
Unique typos count - original dirty: 	 30
Unique typos count - generated dirty: 	 450

--------------------------------------------------------
state_average
Distinct original dirty: 	 74
Distinct original clean: 	 48
Distinct estimated dirty (whole dataset): 	 315, distinct with ratio 	 315
Distinct estimated dirty (replicate + errors): 	 436.0
Distinct generated dirty: 	 436

Typos original dirty: 	 27
Typos generated dirty: 	 432

Distinct estimated typo: 	 388
Unique typos count - original dirty: 	 26
Unique typos count - generated dirty: 	 388

Validation of scaled dataset: 0.0013430118560791016

Time elapsed 1.3050541877746582

(16000, 20)
+++++++++++++++++++++++++++++++

real	0m2.612s
user	0m4.921s
sys	0m4.255s
