WARNING:root:'PYARROW_IGNORE_TIMEZONE' environment variable was not set. It is required to set this environment variable to '1' in both driver and executor sides if you use pyarrow>=2.0.0. pandas-on-Spark will set it for you but it does not work if there is a Spark context already launched.
Error dist count [0, 28, 24, 31, 0, 0, 33, 26, 30, 39, 34, 32, 27, 27, 32, 29, 36, 23, 31, 27]
Original error count [ 0 28 24 31  0  0 33 26 30 39 34 32 27 27 32 29 36 23 31 27]
Error distribution computation: 0.2377321720123291

Scale dataset: 1.169447422027588

Generated dataset
Errors to scaled dataset: 2.398503303527832

Save dataset: 1.9880759716033936

Error count [[   0. 3584. 3072. 3968.    0.    0. 4224. 3328. 3840. 4992. 4352. 4096.
  3456. 3456. 4096. 3712. 4608. 2944. 3968. 3456.]]
Computed new error distribution: 0.3601260185241699

--------------------------------------------------------
index
Mean original dirty: 	 500.5
Mean generated dirty: 	 500.5

Var original dirty: 	 83416.66666666667
Var generated dirty: 	 83333.90104610192

Q25 original dirty: 	 250.75
Q25 generated dirty: 	 250.45000000000073

INFO: Q25 differs from original dirty data

Q50 original dirty: 	 500.5
Q50 generated dirty: 	 500.5

Q75 original dirty: 	 750.25
Q75 generated dirty: 	 500.5

INFO: Q75 differs from original dirty data

Skew original dirty: 	 0.0
Skew generated dirty: 	 0.0

Kurtosis original dirty: 	 -1.2
Kurtosis generated dirty: 	 -1.2000023999496627

Min original dirty: 	 1.0
Min generated dirty: 	 1.0

Max original dirty: 	 1000.0
Max generated dirty: 	 1000.0

--------------------------------------------------------
--------------------------------------------------------
provider_number
Mean original dirty: 	 9952.466
Mean generated dirty: 	 9946.9718671875

Var original dirty: 	 4811263.5644084085
Var generated dirty: 	 4750271.727729856

Q25 original dirty: 	 10014.25
Q25 generated dirty: 	 10015.0

INFO: Q25 differs from original dirty data

Q50 original dirty: 	 10029.0
Q50 generated dirty: 	 10029.0

Q75 original dirty: 	 10044.0
Q75 generated dirty: 	 10029.0

INFO: Q75 differs from original dirty data

Skew original dirty: 	 -0.6853985665633512
Skew generated dirty: 	 -0.7436247435768443

Kurtosis original dirty: 	 17.86984961921307
Kurtosis generated dirty: 	 18.010234263404115

Min original dirty: 	 0.0
Min generated dirty: 	 0.0

Max original dirty: 	 20018.0
Max generated dirty: 	 20018.0

--------------------------------------------------------
--------------------------------------------------------
zip
Mean original dirty: 	 36108.187
Mean generated dirty: 	 36064.05915625

Var original dirty: 	 119910807.08912009
Var generated dirty: 	 117183256.00275055

Q25 original dirty: 	 35570.0
Q25 generated dirty: 	 35570.0

Q50 original dirty: 	 35968.0
Q50 generated dirty: 	 35968.0

Q75 original dirty: 	 36302.0
Q75 generated dirty: 	 35968.0

INFO: Q75 differs from original dirty data

Skew original dirty: 	 2.81521367118974
Skew generated dirty: 	 2.7873296433735537

Kurtosis original dirty: 	 23.20116501609981
Kurtosis generated dirty: 	 23.536436419874555

Min original dirty: 	 0.0
Min generated dirty: 	 0.0

Max original dirty: 	 99559.0
Max generated dirty: 	 99559.0

--------------------------------------------------------
--------------------------------------------------------
phone
Mean original dirty: 	 2784249377.401
Mean generated dirty: 	 2783598700.4077187

Var original dirty: 	 1.3052250686148237e+18
Var generated dirty: 	 1.275324206757622e+18

Q25 original dirty: 	 2059397000.0
Q25 generated dirty: 	 2059397000.0

Q50 original dirty: 	 2567372000.0
Q50 generated dirty: 	 2567372000.0

Q75 original dirty: 	 3343470584.0
Q75 generated dirty: 	 2567372000.0

INFO: Q75 differs from original dirty data

Skew original dirty: 	 2.8367750669317946
Skew generated dirty: 	 2.802867056439476

Kurtosis original dirty: 	 16.74838977092435
Kurtosis generated dirty: 	 16.844060989396244

Min original dirty: 	 0.0
Min generated dirty: 	 0.0

Max original dirty: 	 9075436300.0
Max generated dirty: 	 9075436300.0

--------------------------------------------------------
--------------------------------------------------------
index
Distinct original dirty: 	 1000
Distinct original clean: 	 1000
Distinct estimated dirty (whole dataset): 	 128000, distinct with ratio 	 128000
Distinct estimated dirty (replicate + errors): 	 1000.0
Distinct generated dirty: 	 1000

--------------------------------------------------------
provider_number
Distinct original dirty: 	 46
Distinct original clean: 	 45
Distinct estimated dirty (whole dataset): 	 52, distinct with ratio 	 52
Distinct estimated dirty (replicate + errors): 	 46.0
Distinct generated dirty: 	 46

MV original dirty: 	 28
MV generated dirty: 	 3584

Distinct estimated mv: 	 1
Unique MV count - original dirty: 	 1
Unique MV count - generated dirty: 	 2

--------------------------------------------------------
name
Distinct original dirty: 	 69
Distinct original clean: 	 45
Distinct estimated dirty (whole dataset): 	 304, distinct with ratio 	 304
Distinct estimated dirty (replicate + errors): 	 3117.0
Distinct generated dirty: 	 3107

Typos original dirty: 	 24
Typos generated dirty: 	 3072

Distinct estimated typo: 	 3072
Unique typos count - original dirty: 	 24
Unique typos count - generated dirty: 	 3068

--------------------------------------------------------
address_1
Distinct original dirty: 	 76
Distinct original clean: 	 45
Distinct estimated dirty (whole dataset): 	 421, distinct with ratio 	 421
Distinct estimated dirty (replicate + errors): 	 4013.0
Distinct generated dirty: 	 3982

Typos original dirty: 	 31
Typos generated dirty: 	 3968

Distinct estimated typo: 	 3968
Unique typos count - original dirty: 	 31
Unique typos count - generated dirty: 	 3955

--------------------------------------------------------
address_2
Distinct original dirty: 	 1
Distinct original clean: 	 1
Distinct estimated dirty (whole dataset): 	 1, distinct with ratio 	 1
Distinct estimated dirty (replicate + errors): 	 1.0
Distinct generated dirty: 	 1

--------------------------------------------------------
address_3
Distinct original dirty: 	 1
Distinct original clean: 	 1
Distinct estimated dirty (whole dataset): 	 1, distinct with ratio 	 1
Distinct estimated dirty (replicate + errors): 	 1.0
Distinct generated dirty: 	 1

--------------------------------------------------------
city
Distinct original dirty: 	 72
Distinct original clean: 	 39
Distinct estimated dirty (whole dataset): 	 425, distinct with ratio 	 425
Distinct estimated dirty (replicate + errors): 	 4263.0
Distinct generated dirty: 	 3978

Typos original dirty: 	 33
Typos generated dirty: 	 4224

Distinct estimated typo: 	 4224
Unique typos count - original dirty: 	 33
Unique typos count - generated dirty: 	 3968

--------------------------------------------------------
state
Distinct original dirty: 	 4
Distinct original clean: 	 2
Distinct estimated dirty (whole dataset): 	 4, distinct with ratio 	 4
Distinct estimated dirty (replicate + errors): 	 4.0
Distinct generated dirty: 	 4

Typos original dirty: 	 26
Typos generated dirty: 	 3328

Distinct estimated typo: 	 2
Unique typos count - original dirty: 	 2
Unique typos count - generated dirty: 	 2

--------------------------------------------------------
zip
Distinct original dirty: 	 45
Distinct original clean: 	 44
Distinct estimated dirty (whole dataset): 	 51, distinct with ratio 	 51
Distinct estimated dirty (replicate + errors): 	 45.0
Distinct generated dirty: 	 45

MV original dirty: 	 30
MV generated dirty: 	 3840

Distinct estimated mv: 	 1
Unique MV count - original dirty: 	 1
Unique MV count - generated dirty: 	 2

--------------------------------------------------------
county
Distinct original dirty: 	 65
Distinct original clean: 	 33
Distinct estimated dirty (whole dataset): 	 310, distinct with ratio 	 310
Distinct estimated dirty (replicate + errors): 	 2673.0
Distinct generated dirty: 	 2522

Typos original dirty: 	 39
Typos generated dirty: 	 4992

Distinct estimated typo: 	 2640
Unique typos count - original dirty: 	 32
Unique typos count - generated dirty: 	 2505

--------------------------------------------------------
phone
Distinct original dirty: 	 46
Distinct original clean: 	 45
Distinct estimated dirty (whole dataset): 	 52, distinct with ratio 	 52
Distinct estimated dirty (replicate + errors): 	 46.0
Distinct generated dirty: 	 46

MV original dirty: 	 34
MV generated dirty: 	 4352

Distinct estimated mv: 	 1
Unique MV count - original dirty: 	 1
Unique MV count - generated dirty: 	 2

--------------------------------------------------------
type
Distinct original dirty: 	 13
Distinct original clean: 	 1
Distinct estimated dirty (whole dataset): 	 299, distinct with ratio 	 299
Distinct estimated dirty (replicate + errors): 	 304.0
Distinct generated dirty: 	 300

Typos original dirty: 	 32
Typos generated dirty: 	 4096

Distinct estimated typo: 	 303
Unique typos count - original dirty: 	 12
Unique typos count - generated dirty: 	 300

--------------------------------------------------------
owner
Distinct original dirty: 	 27
Distinct original clean: 	 8
Distinct estimated dirty (whole dataset): 	 145, distinct with ratio 	 145
Distinct estimated dirty (replicate + errors): 	 1192.0
Distinct generated dirty: 	 1180

Typos original dirty: 	 27
Typos generated dirty: 	 3456

Distinct estimated typo: 	 1184
Unique typos count - original dirty: 	 19
Unique typos count - generated dirty: 	 1176

--------------------------------------------------------
emergency_service
Distinct original dirty: 	 6
Distinct original clean: 	 2
Distinct estimated dirty (whole dataset): 	 6, distinct with ratio 	 6
Distinct estimated dirty (replicate + errors): 	 6.0
Distinct generated dirty: 	 6

Typos original dirty: 	 27
Typos generated dirty: 	 3456

Distinct estimated typo: 	 4
Unique typos count - original dirty: 	 4
Unique typos count - generated dirty: 	 4

--------------------------------------------------------
condition
Distinct original dirty: 	 28
Distinct original clean: 	 5
Distinct estimated dirty (whole dataset): 	 296, distinct with ratio 	 296
Distinct estimated dirty (replicate + errors): 	 1492.0
Distinct generated dirty: 	 1456

Typos original dirty: 	 32
Typos generated dirty: 	 4096

Distinct estimated typo: 	 1487
Unique typos count - original dirty: 	 23
Unique typos count - generated dirty: 	 1455

--------------------------------------------------------
measure_code
Distinct original dirty: 	 54
Distinct original clean: 	 28
Distinct estimated dirty (whole dataset): 	 238, distinct with ratio 	 238
Distinct estimated dirty (replicate + errors): 	 2675.0
Distinct generated dirty: 	 2170

Typos original dirty: 	 29
Typos generated dirty: 	 3712

Distinct estimated typo: 	 2647
Unique typos count - original dirty: 	 26
Unique typos count - generated dirty: 	 2163

--------------------------------------------------------
measure_name
Distinct original dirty: 	 64
Distinct original clean: 	 28
Distinct estimated dirty (whole dataset): 	 412, distinct with ratio 	 412
Distinct estimated dirty (replicate + errors): 	 4636.0
Distinct generated dirty: 	 4626

Typos original dirty: 	 36
Typos generated dirty: 	 4608

Distinct estimated typo: 	 4608
Unique typos count - original dirty: 	 36
Unique typos count - generated dirty: 	 4603

--------------------------------------------------------
score
Distinct original dirty: 	 69
Distinct original clean: 	 57
Distinct estimated dirty (whole dataset): 	 391, distinct with ratio 	 391
Distinct estimated dirty (replicate + errors): 	 575.0
Distinct generated dirty: 	 475

Typos original dirty: 	 23
Typos generated dirty: 	 2944

Distinct estimated typo: 	 518
Unique typos count - original dirty: 	 13
Unique typos count - generated dirty: 	 455

--------------------------------------------------------
sample
Distinct original dirty: 	 334
Distinct original clean: 	 309
Distinct estimated dirty (whole dataset): 	 8455, distinct with ratio 	 8455
Distinct estimated dirty (replicate + errors): 	 3904.0
Distinct generated dirty: 	 3819

Typos original dirty: 	 31
Typos generated dirty: 	 3968

Distinct estimated typo: 	 3595
Unique typos count - original dirty: 	 30
Unique typos count - generated dirty: 	 3562

--------------------------------------------------------
state_average
Distinct original dirty: 	 74
Distinct original clean: 	 48
Distinct estimated dirty (whole dataset): 	 581, distinct with ratio 	 581
Distinct estimated dirty (replicate + errors): 	 3132.0
Distinct generated dirty: 	 3037

Typos original dirty: 	 27
Typos generated dirty: 	 3456

Distinct estimated typo: 	 3084
Unique typos count - original dirty: 	 26
Unique typos count - generated dirty: 	 3007

Validation of scaled dataset: 0.0007658004760742188

Time elapsed 6.161109685897827

(128000, 20)
+++++++++++++++++++++++++++++++

real	0m7.532s
user	0m19.140s
sys	0m4.993s
