WARNING:root:'PYARROW_IGNORE_TIMEZONE' environment variable was not set. It is required to set this environment variable to '1' in both driver and executor sides if you use pyarrow>=2.0.0. pandas-on-Spark will set it for you but it does not work if there is a Spark context already launched.
Error dist count [190, 17, 190, 190, 43, 129, 0, 0, 0, 0, 187, 419, 5737, 0, 180, 0, 188]
Original error count [ 190   17  190  190   43  129    0    0    0    0  187  419 5737    0
  180    0  188]
Error distribution computation: 0.9253270626068115

Scale dataset: 0.01930689811706543

Generated dataset
Errors to scaled dataset: 2.0227091312408447

Save dataset: 0.36342525482177734

Error count [[  380.    34.   380.   380.    86.   258.     0.     0.     0.     0.
    374.   838. 11474.     0.   360.     0.   376.]]
Computed new error distribution: 0.15709853172302246

--------------------------------------------------------
year
Mean original dirty: 	 1941.3556156968878
Mean generated dirty: 	 1941.4218538565628

Var original dirty: 	 99985.80558153316
Var generated dirty: 	 99981.2254375265

Q25 original dirty: 	 1981.0
Q25 generated dirty: 	 1981.0

Q50 original dirty: 	 1999.0
Q50 generated dirty: 	 2000.0

INFO: Q50 differs from original dirty data

Q75 original dirty: 	 2010.0
Q75 generated dirty: 	 2000.0

INFO: Q75 differs from original dirty data

Skew original dirty: 	 -5.9462158906719536
Skew generated dirty: 	 -5.9460440616410635

Kurtosis original dirty: 	 33.56495974672927
Kurtosis generated dirty: 	 33.55658362623774

Min original dirty: 	 0.0
Min generated dirty: 	 0.0

Max original dirty: 	 2019.0
Max generated dirty: 	 2019.0

--------------------------------------------------------
--------------------------------------------------------
rating_value
Mean original dirty: 	 6.01617050067659
Mean generated dirty: 	 5.82384303112314

Var original dirty: 	 3.471481611201671
Var generated dirty: 	 4.470958638326829

Q25 original dirty: 	 5.5
Q25 generated dirty: 	 5.4

INFO: Q25 differs from original dirty data

Q50 original dirty: 	 6.4
Q50 generated dirty: 	 6.4

Q75 original dirty: 	 7.2
Q75 generated dirty: 	 6.4

INFO: Q75 differs from original dirty data

Skew original dirty: 	 -1.875321087091931
Skew generated dirty: 	 -1.6967508683460366

Kurtosis original dirty: 	 3.696881445260384
Kurtosis generated dirty: 	 2.3112490168306095

Min original dirty: 	 0.0
Min generated dirty: 	 0.0

Max original dirty: 	 9.7
Max generated dirty: 	 9.7

--------------------------------------------------------
--------------------------------------------------------
rating_count
Mean original dirty: 	 78.54086603518267
Mean generated dirty: 	 11254.420365358592

Var original dirty: 	 40231.05605067768
Var generated dirty: 	 2911885710.4067435

Q25 original dirty: 	 0.0
Q25 generated dirty: 	 0.0

Q50 original dirty: 	 0.0
Q50 generated dirty: 	 0.0

Q75 original dirty: 	 0.0
Q75 generated dirty: 	 0.0

In rating_count faulty IQR
Skew original dirty: 	 2.8510544311319777
Skew generated dirty: 	 9.133922836818568

Kurtosis original dirty: 	 7.3986740391392765
Kurtosis generated dirty: 	 117.7066210299666

Min original dirty: 	 0.0
Min generated dirty: 	 0.0

Max original dirty: 	 999.0
Max generated dirty: 	 1306429.0

--------------------------------------------------------
--------------------------------------------------------
id
Distinct original dirty: 	 7390
Distinct original clean: 	 7390
Distinct estimated dirty (whole dataset): 	 14780, distinct with ratio 	 14780
Distinct estimated dirty (replicate + errors): 	 7770.0
Distinct generated dirty: 	 7768

Typos original dirty: 	 190
Typos generated dirty: 	 380

Distinct estimated typo: 	 380
Unique typos count - original dirty: 	 190
Unique typos count - generated dirty: 	 380

--------------------------------------------------------
name
Distinct original dirty: 	 7199
Distinct original clean: 	 7198
Distinct estimated dirty (whole dataset): 	 14152, distinct with ratio 	 14152
Distinct estimated dirty (replicate + errors): 	 7232.0
Distinct generated dirty: 	 7232

Typos original dirty: 	 17
Typos generated dirty: 	 34

Distinct estimated typo: 	 34
Unique typos count - original dirty: 	 17
Unique typos count - generated dirty: 	 34

--------------------------------------------------------
year
Distinct original dirty: 	 108
Distinct original clean: 	 107
Distinct estimated dirty (whole dataset): 	 111, distinct with ratio 	 111
Distinct estimated dirty (replicate + errors): 	 108.0
Distinct generated dirty: 	 108

MV original dirty: 	 190
MV generated dirty: 	 380

Distinct estimated mv: 	 1
Unique MV count - original dirty: 	 1
Unique MV count - generated dirty: 	 2

--------------------------------------------------------
release_date
Distinct original dirty: 	 4900
Distinct original clean: 	 4796
Distinct estimated dirty (whole dataset): 	 7982, distinct with ratio 	 7982
Distinct estimated dirty (replicate + errors): 	 5155.0
Distinct generated dirty: 	 5152

Typos original dirty: 	 190
Typos generated dirty: 	 380

Distinct estimated typo: 	 359
Unique typos count - original dirty: 	 184
Unique typos count - generated dirty: 	 359

--------------------------------------------------------
director
Distinct original dirty: 	 3746
Distinct original clean: 	 3723
Distinct estimated dirty (whole dataset): 	 5974, distinct with ratio 	 5974
Distinct estimated dirty (replicate + errors): 	 3807.0
Distinct generated dirty: 	 3807

Replacements original dirty: 	 1
Replacements generated dirty: 	 2

Unique replacements count - original dirty: 	 1
Unique replacements count - generated dirty: 	 1 

Typos original dirty: 	 42
Typos generated dirty: 	 84

Distinct estimated typo: 	 84
Unique typos count - original dirty: 	 42
Unique typos count - generated dirty: 	 84

--------------------------------------------------------
creator
Distinct original dirty: 	 6174
Distinct original clean: 	 6171
Distinct estimated dirty (whole dataset): 	 11535, distinct with ratio 	 11535
Distinct estimated dirty (replicate + errors): 	 6393.0
Distinct generated dirty: 	 6385

Replacements original dirty: 	 18
Replacements generated dirty: 	 36

Unique replacements count - original dirty: 	 18
Unique replacements count - generated dirty: 	 18 

Typos original dirty: 	 111
Typos generated dirty: 	 222

Distinct estimated typo: 	 222
Unique typos count - original dirty: 	 111
Unique typos count - generated dirty: 	 222

--------------------------------------------------------
actors
Distinct original dirty: 	 7214
Distinct original clean: 	 7214
Distinct estimated dirty (whole dataset): 	 14337, distinct with ratio 	 14337
Distinct estimated dirty (replicate + errors): 	 7214.0
Distinct generated dirty: 	 7214

--------------------------------------------------------
full_cast
Distinct original dirty: 	 7308
Distinct original clean: 	 7308
Distinct estimated dirty (whole dataset): 	 14611, distinct with ratio 	 14611
Distinct estimated dirty (replicate + errors): 	 7308.0
Distinct generated dirty: 	 7308

--------------------------------------------------------
language
Distinct original dirty: 	 502
Distinct original clean: 	 502
Distinct estimated dirty (whole dataset): 	 851, distinct with ratio 	 851
Distinct estimated dirty (replicate + errors): 	 502.0
Distinct generated dirty: 	 502

--------------------------------------------------------
country
Distinct original dirty: 	 400
Distinct original clean: 	 400
Distinct estimated dirty (whole dataset): 	 678, distinct with ratio 	 678
Distinct estimated dirty (replicate + errors): 	 400.0
Distinct generated dirty: 	 400

--------------------------------------------------------
duration
Distinct original dirty: 	 214
Distinct original clean: 	 163
Distinct estimated dirty (whole dataset): 	 253, distinct with ratio 	 253
Distinct estimated dirty (replicate + errors): 	 235.0
Distinct generated dirty: 	 234

Replacements original dirty: 	 80
Replacements generated dirty: 	 160

Unique replacements count - original dirty: 	 44
Unique replacements count - generated dirty: 	 44 

Typos original dirty: 	 107
Typos generated dirty: 	 214

Distinct estimated typo: 	 72
Unique typos count - original dirty: 	 52
Unique typos count - generated dirty: 	 72

--------------------------------------------------------
rating_value
Distinct original dirty: 	 83
Distinct original clean: 	 83
Distinct estimated dirty (whole dataset): 	 87, distinct with ratio 	 87
Distinct estimated dirty (replicate + errors): 	 84.0
Distinct generated dirty: 	 84

MV original dirty: 	 419
MV generated dirty: 	 838

Distinct estimated mv: 	 1
Unique MV count - original dirty: 	 1
Unique MV count - generated dirty: 	 2

--------------------------------------------------------
rating_count
Distinct original dirty: 	 742
Distinct original clean: 	 5903
Distinct estimated dirty (whole dataset): 	 967, distinct with ratio 	 967
Distinct estimated dirty (replicate + errors): 	 5904.0
Distinct generated dirty: 	 2575

MV original dirty: 	 5737
MV generated dirty: 	 11474

Distinct estimated mv: 	 1
Unique MV count - original dirty: 	 1
Unique MV count - generated dirty: 	 2

--------------------------------------------------------
review_count
Distinct original dirty: 	 5293
Distinct original clean: 	 5293
Distinct estimated dirty (whole dataset): 	 9558, distinct with ratio 	 9558
Distinct estimated dirty (replicate + errors): 	 5293.0
Distinct generated dirty: 	 5293

--------------------------------------------------------
genre
Distinct original dirty: 	 717
Distinct original clean: 	 637
Distinct estimated dirty (whole dataset): 	 963, distinct with ratio 	 963
Distinct estimated dirty (replicate + errors): 	 777.0
Distinct generated dirty: 	 777

Replacements original dirty: 	 43
Replacements generated dirty: 	 86

Unique replacements count - original dirty: 	 26
Unique replacements count - generated dirty: 	 26 

Typos original dirty: 	 137
Typos generated dirty: 	 274

Distinct estimated typo: 	 140
Unique typos count - original dirty: 	 84
Unique typos count - generated dirty: 	 140

--------------------------------------------------------
filming_locations
Distinct original dirty: 	 3191
Distinct original clean: 	 3191
Distinct estimated dirty (whole dataset): 	 5581, distinct with ratio 	 5581
Distinct estimated dirty (replicate + errors): 	 3191.0
Distinct generated dirty: 	 3191

--------------------------------------------------------
description
Distinct original dirty: 	 7263
Distinct original clean: 	 7261
Distinct estimated dirty (whole dataset): 	 14518, distinct with ratio 	 14518
Distinct estimated dirty (replicate + errors): 	 7637.0
Distinct generated dirty: 	 7629

Typos original dirty: 	 188
Typos generated dirty: 	 376

Distinct estimated typo: 	 376
Unique typos count - original dirty: 	 188
Unique typos count - generated dirty: 	 376

Validation of scaled dataset: 0.0011742115020751953

Time elapsed 3.4983551502227783

(14780, 17)
+++++++++++++++++++++++++++++++

real	0m4.969s
user	0m7.130s
sys	0m5.169s
