WARNING:root:'PYARROW_IGNORE_TIMEZONE' environment variable was not set. It is required to set this environment variable to '1' in both driver and executor sides if you use pyarrow>=2.0.0. pandas-on-Spark will set it for you but it does not work if there is a Spark context already launched.
Error dist count [190, 17, 190, 190, 43, 129, 0, 0, 0, 0, 187, 419, 5737, 0, 180, 0, 188]
Original error count [ 190   17  190  190   43  129    0    0    0    0  187  419 5737    0
  180    0  188]
Error distribution computation: 0.8481884002685547

Scale dataset: 0.1866312026977539

Generated dataset
Errors to scaled dataset: 3.943643569946289

Save dataset: 2.5154476165771484

Error count [[ 3040.   272.  3040.  3040.   688.  2064.     0.     0.     0.     0.
   2992.  6704. 91792.     0.  2880.     0.  3008.]]
Computed new error distribution: 0.45330333709716797

--------------------------------------------------------
year
Mean original dirty: 	 1941.3556156968878
Mean generated dirty: 	 1941.4219299729364

Var original dirty: 	 99985.80558153316
Var generated dirty: 	 99975.58449695604

Q25 original dirty: 	 1981.0
Q25 generated dirty: 	 1981.0

Q50 original dirty: 	 1999.0
Q50 generated dirty: 	 2000.0

INFO: Q50 differs from original dirty data

Q75 original dirty: 	 2010.0
Q75 generated dirty: 	 2000.0

INFO: Q75 differs from original dirty data

Skew original dirty: 	 -5.9462158906719536
Skew generated dirty: 	 -5.945490718582852

Kurtosis original dirty: 	 33.56495974672927
Kurtosis generated dirty: 	 33.54609877085217

Min original dirty: 	 0.0
Min generated dirty: 	 0.0

Max original dirty: 	 2019.0
Max generated dirty: 	 2019.0

--------------------------------------------------------
--------------------------------------------------------
rating_value
Mean original dirty: 	 6.01617050067659
Mean generated dirty: 	 5.831061400541271

Var original dirty: 	 3.471481611201671
Var generated dirty: 	 4.455968764910326

Q25 original dirty: 	 5.5
Q25 generated dirty: 	 5.4

INFO: Q25 differs from original dirty data

Q50 original dirty: 	 6.4
Q50 generated dirty: 	 6.4

Q75 original dirty: 	 7.2
Q75 generated dirty: 	 6.4

INFO: Q75 differs from original dirty data

Skew original dirty: 	 -1.875321087091931
Skew generated dirty: 	 -1.70877139345598

Kurtosis original dirty: 	 3.696881445260384
Kurtosis generated dirty: 	 2.3539582658294558

Min original dirty: 	 0.0
Min generated dirty: 	 0.0

Max original dirty: 	 9.7
Max generated dirty: 	 9.7

--------------------------------------------------------
--------------------------------------------------------
rating_count
Mean original dirty: 	 78.54086603518267
Mean generated dirty: 	 11157.978492895805

Var original dirty: 	 40231.05605067768
Var generated dirty: 	 3001152512.869174

Q25 original dirty: 	 0.0
Q25 generated dirty: 	 0.0

Q50 original dirty: 	 0.0
Q50 generated dirty: 	 0.0

Q75 original dirty: 	 0.0
Q75 generated dirty: 	 0.0

In rating_count faulty IQR
Skew original dirty: 	 2.8510544311319777
Skew generated dirty: 	 9.824503559526294

Kurtosis original dirty: 	 7.3986740391392765
Kurtosis generated dirty: 	 141.2510896679522

Min original dirty: 	 0.0
Min generated dirty: 	 0.0

Max original dirty: 	 999.0
Max generated dirty: 	 1532446.0

--------------------------------------------------------
--------------------------------------------------------
id
Distinct original dirty: 	 7390
Distinct original clean: 	 7390
Distinct estimated dirty (whole dataset): 	 118240, distinct with ratio 	 118240
Distinct estimated dirty (replicate + errors): 	 10430.0
Distinct generated dirty: 	 10413

Typos original dirty: 	 190
Typos generated dirty: 	 3040

Distinct estimated typo: 	 3040
Unique typos count - original dirty: 	 190
Unique typos count - generated dirty: 	 3038

--------------------------------------------------------
name
Distinct original dirty: 	 7199
Distinct original clean: 	 7198
Distinct estimated dirty (whole dataset): 	 110182, distinct with ratio 	 110182
Distinct estimated dirty (replicate + errors): 	 7470.0
Distinct generated dirty: 	 7468

Typos original dirty: 	 17
Typos generated dirty: 	 272

Distinct estimated typo: 	 272
Unique typos count - original dirty: 	 17
Unique typos count - generated dirty: 	 272

--------------------------------------------------------
year
Distinct original dirty: 	 108
Distinct original clean: 	 107
Distinct estimated dirty (whole dataset): 	 114, distinct with ratio 	 114
Distinct estimated dirty (replicate + errors): 	 108.0
Distinct generated dirty: 	 108

MV original dirty: 	 190
MV generated dirty: 	 3040

Distinct estimated mv: 	 1
Unique MV count - original dirty: 	 1
Unique MV count - generated dirty: 	 2

--------------------------------------------------------
release_date
Distinct original dirty: 	 4900
Distinct original clean: 	 4796
Distinct estimated dirty (whole dataset): 	 42576, distinct with ratio 	 42576
Distinct estimated dirty (replicate + errors): 	 7571.0
Distinct generated dirty: 	 7556

Typos original dirty: 	 190
Typos generated dirty: 	 3040

Distinct estimated typo: 	 2775
Unique typos count - original dirty: 	 184
Unique typos count - generated dirty: 	 2775

--------------------------------------------------------
director
Distinct original dirty: 	 3746
Distinct original clean: 	 3723
Distinct estimated dirty (whole dataset): 	 26352, distinct with ratio 	 26352
Distinct estimated dirty (replicate + errors): 	 4395.0
Distinct generated dirty: 	 4391

Replacements original dirty: 	 1
Replacements generated dirty: 	 16

Unique replacements count - original dirty: 	 1
Unique replacements count - generated dirty: 	 1 

Typos original dirty: 	 42
Typos generated dirty: 	 672

Distinct estimated typo: 	 672
Unique typos count - original dirty: 	 42
Unique typos count - generated dirty: 	 672

--------------------------------------------------------
creator
Distinct original dirty: 	 6174
Distinct original clean: 	 6171
Distinct estimated dirty (whole dataset): 	 80360, distinct with ratio 	 80360
Distinct estimated dirty (replicate + errors): 	 7947.0
Distinct generated dirty: 	 7941

Replacements original dirty: 	 18
Replacements generated dirty: 	 288

Unique replacements count - original dirty: 	 18
Unique replacements count - generated dirty: 	 18 

Typos original dirty: 	 111
Typos generated dirty: 	 1776

Distinct estimated typo: 	 1776
Unique typos count - original dirty: 	 111
Unique typos count - generated dirty: 	 1776

--------------------------------------------------------
actors
Distinct original dirty: 	 7214
Distinct original clean: 	 7214
Distinct estimated dirty (whole dataset): 	 113189, distinct with ratio 	 113189
Distinct estimated dirty (replicate + errors): 	 7214.0
Distinct generated dirty: 	 7214

--------------------------------------------------------
full_cast
Distinct original dirty: 	 7308
Distinct original clean: 	 7308
Distinct estimated dirty (whole dataset): 	 116764, distinct with ratio 	 116764
Distinct estimated dirty (replicate + errors): 	 7308.0
Distinct generated dirty: 	 7308

--------------------------------------------------------
language
Distinct original dirty: 	 502
Distinct original clean: 	 502
Distinct estimated dirty (whole dataset): 	 4197, distinct with ratio 	 4197
Distinct estimated dirty (replicate + errors): 	 502.0
Distinct generated dirty: 	 502

--------------------------------------------------------
country
Distinct original dirty: 	 400
Distinct original clean: 	 400
Distinct estimated dirty (whole dataset): 	 3241, distinct with ratio 	 3241
Distinct estimated dirty (replicate + errors): 	 400.0
Distinct generated dirty: 	 400

--------------------------------------------------------
duration
Distinct original dirty: 	 214
Distinct original clean: 	 163
Distinct estimated dirty (whole dataset): 	 425, distinct with ratio 	 425
Distinct estimated dirty (replicate + errors): 	 418.0
Distinct generated dirty: 	 411

Replacements original dirty: 	 80
Replacements generated dirty: 	 1280

Unique replacements count - original dirty: 	 44
Unique replacements count - generated dirty: 	 44 

Typos original dirty: 	 107
Typos generated dirty: 	 1712

Distinct estimated typo: 	 255
Unique typos count - original dirty: 	 52
Unique typos count - generated dirty: 	 253

--------------------------------------------------------
rating_value
Distinct original dirty: 	 83
Distinct original clean: 	 83
Distinct estimated dirty (whole dataset): 	 96, distinct with ratio 	 96
Distinct estimated dirty (replicate + errors): 	 84.0
Distinct generated dirty: 	 84

MV original dirty: 	 419
MV generated dirty: 	 6704

Distinct estimated mv: 	 1
Unique MV count - original dirty: 	 1
Unique MV count - generated dirty: 	 2

--------------------------------------------------------
rating_count
Distinct original dirty: 	 742
Distinct original clean: 	 5903
Distinct estimated dirty (whole dataset): 	 3027, distinct with ratio 	 3027
Distinct estimated dirty (replicate + errors): 	 5904.0
Distinct generated dirty: 	 5825

MV original dirty: 	 5737
MV generated dirty: 	 91792

Distinct estimated mv: 	 1
Unique MV count - original dirty: 	 1
Unique MV count - generated dirty: 	 2

--------------------------------------------------------
review_count
Distinct original dirty: 	 5293
Distinct original clean: 	 5293
Distinct estimated dirty (whole dataset): 	 60490, distinct with ratio 	 60490
Distinct estimated dirty (replicate + errors): 	 5293.0
Distinct generated dirty: 	 5293

--------------------------------------------------------
genre
Distinct original dirty: 	 717
Distinct original clean: 	 637
Distinct estimated dirty (whole dataset): 	 2191, distinct with ratio 	 2191
Distinct estimated dirty (replicate + errors): 	 1337.0
Distinct generated dirty: 	 1334

Replacements original dirty: 	 43
Replacements generated dirty: 	 688

Unique replacements count - original dirty: 	 26
Unique replacements count - generated dirty: 	 26 

Typos original dirty: 	 137
Typos generated dirty: 	 2192

Distinct estimated typo: 	 700
Unique typos count - original dirty: 	 84
Unique typos count - generated dirty: 	 700

--------------------------------------------------------
filming_locations
Distinct original dirty: 	 3191
Distinct original clean: 	 3191
Distinct estimated dirty (whole dataset): 	 30705, distinct with ratio 	 30705
Distinct estimated dirty (replicate + errors): 	 3191.0
Distinct generated dirty: 	 3191

--------------------------------------------------------
description
Distinct original dirty: 	 7263
Distinct original clean: 	 7261
Distinct estimated dirty (whole dataset): 	 115959, distinct with ratio 	 115959
Distinct estimated dirty (replicate + errors): 	 10269.0
Distinct generated dirty: 	 10263

Typos original dirty: 	 188
Typos generated dirty: 	 3008

Distinct estimated typo: 	 3008
Unique typos count - original dirty: 	 188
Unique typos count - generated dirty: 	 3008

Validation of scaled dataset: 0.0007691383361816406

Time elapsed 7.95401406288147

(118240, 17)
+++++++++++++++++++++++++++++++

real	0m9.367s
user	0m19.071s
sys	0m5.646s
