WARNING:root:'PYARROW_IGNORE_TIMEZONE' environment variable was not set. It is required to set this environment variable to '1' in both driver and executor sides if you use pyarrow>=2.0.0. pandas-on-Spark will set it for you but it does not work if there is a Spark context already launched.
Error dist count [0, 14, 0, 9, 0, 12, 22, 53, 722, 32, 84]
Original error count [  0  14   0   9   0  12  22  53 722  32  84]
Error distribution computation: 0.21489739418029785

Scale dataset: 0.04277491569519043

Generated dataset
Errors to scaled dataset: 1.4077303409576416

Save dataset: 0.20171904563903809

Error count [[    0.   224.     0.   144.     0.   192.   352.   848. 11552.   512.
   1344.]]
Computed new error distribution: 0.08528256416320801

--------------------------------------------------------
id
Mean original dirty: 	 502095.623
Mean generated dirty: 	 502095.623

Var original dirty: 	 84434379035.87675
Var generated dirty: 	 84355216857.8945

Q25 original dirty: 	 247310.25
Q25 generated dirty: 	 246997.3499999998

INFO: Q25 differs from original dirty data

Q50 original dirty: 	 501140.5
Q50 generated dirty: 	 501140.5

Q75 original dirty: 	 756450.0
Q75 generated dirty: 	 501140.5

INFO: Q75 differs from original dirty data

Skew original dirty: 	 -0.05686882377518067
Skew generated dirty: 	 -0.05678880906110301

Kurtosis original dirty: 	 -1.259668834791877
Kurtosis generated dirty: 	 -1.2593918569606106

Min original dirty: 	 1266.0
Min generated dirty: 	 1266.0

Max original dirty: 	 982590.0
Max generated dirty: 	 982590.0

--------------------------------------------------------
--------------------------------------------------------
article_jvolumn
Mean original dirty: 	 67.921
Mean generated dirty: 	 66.70725

Var original dirty: 	 79353.13189089089
Var generated dirty: 	 78841.48189005563

Q25 original dirty: 	 12.0
Q25 generated dirty: 	 11.0

INFO: Q25 differs from original dirty data

Q50 original dirty: 	 29.0
Q50 generated dirty: 	 28.0

INFO: Q50 differs from original dirty data

Q75 original dirty: 	 64.0
Q75 generated dirty: 	 28.0

INFO: Q75 differs from original dirty data

Skew original dirty: 	 19.826568962079293
Skew generated dirty: 	 19.93454793327932

Kurtosis original dirty: 	 485.3146427950968
Kurtosis generated dirty: 	 488.4991078993427

Min original dirty: 	 0.0
Min generated dirty: 	 -1.0

Max original dirty: 	 7457.0
Max generated dirty: 	 7457.0

--------------------------------------------------------
--------------------------------------------------------
article_jissue
Mean original dirty: 	 47.683
Mean generated dirty: 	 45.31525

Var original dirty: 	 294679.45396496495
Var generated dirty: 	 278481.36570279393

Q25 original dirty: 	 0.0
Q25 generated dirty: 	 0.0

Q50 original dirty: 	 3.0
Q50 generated dirty: 	 3.0

Q75 original dirty: 	 6.0
Q75 generated dirty: 	 3.0

INFO: Q75 differs from original dirty data

Skew original dirty: 	 13.621788933871702
Skew generated dirty: 	 13.88971810278583

Kurtosis original dirty: 	 192.88433554374086
Kurtosis generated dirty: 	 200.1822236848651

Min original dirty: 	 0.0
Min generated dirty: 	 -1.0

Max original dirty: 	 9453.0
Max generated dirty: 	 9453.0

--------------------------------------------------------
--------------------------------------------------------
id
Distinct original dirty: 	 1000
Distinct original clean: 	 1000
Distinct estimated dirty (whole dataset): 	 16000, distinct with ratio 	 16000
Distinct estimated dirty (replicate + errors): 	 1000.0
Distinct generated dirty: 	 1000

--------------------------------------------------------
article_title
Distinct original dirty: 	 1000
Distinct original clean: 	 1000
Distinct estimated dirty (whole dataset): 	 16000, distinct with ratio 	 16000
Distinct estimated dirty (replicate + errors): 	 1224.0
Distinct generated dirty: 	 1224

Typos original dirty: 	 14
Typos generated dirty: 	 224

Distinct estimated typo: 	 224
Unique typos count - original dirty: 	 14
Unique typos count - generated dirty: 	 224

--------------------------------------------------------
article_language
Distinct original dirty: 	 34
Distinct original clean: 	 34
Distinct estimated dirty (whole dataset): 	 166, distinct with ratio 	 166
Distinct estimated dirty (replicate + errors): 	 34.0
Distinct generated dirty: 	 34

--------------------------------------------------------
journal_title
Distinct original dirty: 	 718
Distinct original clean: 	 718
Distinct estimated dirty (whole dataset): 	 9750, distinct with ratio 	 9750
Distinct estimated dirty (replicate + errors): 	 862.0
Distinct generated dirty: 	 862

Typos original dirty: 	 9
Typos generated dirty: 	 144

Distinct estimated typo: 	 144
Unique typos count - original dirty: 	 9
Unique typos count - generated dirty: 	 144

--------------------------------------------------------
jounral_abbreviation
Distinct original dirty: 	 423
Distinct original clean: 	 423
Distinct estimated dirty (whole dataset): 	 5636, distinct with ratio 	 5636
Distinct estimated dirty (replicate + errors): 	 423.0
Distinct generated dirty: 	 423

--------------------------------------------------------
journal_issn
Distinct original dirty: 	 616
Distinct original clean: 	 616
Distinct estimated dirty (whole dataset): 	 8324, distinct with ratio 	 8324
Distinct estimated dirty (replicate + errors): 	 675.0
Distinct generated dirty: 	 675

Typos original dirty: 	 12
Typos generated dirty: 	 192

Distinct estimated typo: 	 59
Unique typos count - original dirty: 	 8
Unique typos count - generated dirty: 	 59

--------------------------------------------------------
article_jvolumn
Distinct original dirty: 	 189
Distinct original clean: 	 189
Distinct estimated dirty (whole dataset): 	 468, distinct with ratio 	 468
Distinct estimated dirty (replicate + errors): 	 190.0
Distinct generated dirty: 	 190

MV original dirty: 	 22
MV generated dirty: 	 352

Distinct estimated mv: 	 1
Unique MV count - original dirty: 	 1
Unique MV count - generated dirty: 	 2

--------------------------------------------------------
article_jissue
Distinct original dirty: 	 41
Distinct original clean: 	 41
Distinct estimated dirty (whole dataset): 	 152, distinct with ratio 	 152
Distinct estimated dirty (replicate + errors): 	 42.0
Distinct generated dirty: 	 42

MV original dirty: 	 53
MV generated dirty: 	 848

Distinct estimated mv: 	 1
Unique MV count - original dirty: 	 1
Unique MV count - generated dirty: 	 2

--------------------------------------------------------
article_jcreated_at
Distinct original dirty: 	 263
Distinct original clean: 	 262
Distinct estimated dirty (whole dataset): 	 1478, distinct with ratio 	 1478
Distinct estimated dirty (replicate + errors): 	 955.0
Distinct generated dirty: 	 943

Replacements original dirty: 	 224
Replacements generated dirty: 	 3584

Unique replacements count - original dirty: 	 8
Unique replacements count - generated dirty: 	 8 

Typos original dirty: 	 498
Typos generated dirty: 	 7968

Distinct estimated typo: 	 693
Unique typos count - original dirty: 	 149
Unique typos count - generated dirty: 	 686

--------------------------------------------------------
article_pagination
Distinct original dirty: 	 872
Distinct original clean: 	 871
Distinct estimated dirty (whole dataset): 	 13338, distinct with ratio 	 13338
Distinct estimated dirty (replicate + errors): 	 1383.0
Distinct generated dirty: 	 1371

Typos original dirty: 	 32
Typos generated dirty: 	 512

Distinct estimated typo: 	 512
Unique typos count - original dirty: 	 32
Unique typos count - generated dirty: 	 509

--------------------------------------------------------
author_list
Distinct original dirty: 	 937
Distinct original clean: 	 937
Distinct estimated dirty (whole dataset): 	 14931, distinct with ratio 	 14931
Distinct estimated dirty (replicate + errors): 	 2281.0
Distinct generated dirty: 	 2278

Typos original dirty: 	 84
Typos generated dirty: 	 1344

Distinct estimated typo: 	 1344
Unique typos count - original dirty: 	 84
Unique typos count - generated dirty: 	 1344

Validation of scaled dataset: 0.000942230224609375

Time elapsed 1.9621384143829346

(16000, 11)
+++++++++++++++++++++++++++++++

real	0m3.253s
user	0m5.072s
sys	0m3.658s
