WARNING:root:'PYARROW_IGNORE_TIMEZONE' environment variable was not set. It is required to set this environment variable to '1' in both driver and executor sides if you use pyarrow>=2.0.0. pandas-on-Spark will set it for you but it does not work if there is a Spark context already launched.
Error dist count [0, 14, 0, 9, 0, 12, 22, 53, 722, 32, 84]
Original error count [  0  14   0   9   0  12  22  53 722  32  84]
Error distribution computation: 0.21332788467407227

Scale dataset: 0.23087358474731445

Generated dataset
Errors to scaled dataset: 10.568275690078735

Save dataset: 0.7806823253631592

Error count [[    0.   896.     0.   576.     0.   768.  1408.  3392. 46208.  2048.
   5376.]]
Computed new error distribution: 0.23340606689453125

--------------------------------------------------------
id
Mean original dirty: 	 502095.623
Mean generated dirty: 	 502095.623

Var original dirty: 	 84434379035.87675
Var generated dirty: 	 84351262645.3197

Q25 original dirty: 	 247310.25
Q25 generated dirty: 	 246997.35000000076

INFO: Q25 differs from original dirty data

Q50 original dirty: 	 501140.5
Q50 generated dirty: 	 501140.5

Q75 original dirty: 	 756450.0
Q75 generated dirty: 	 501140.5

INFO: Q75 differs from original dirty data

Skew original dirty: 	 -0.05686882377518067
Skew generated dirty: 	 -0.05678481587438974

Kurtosis original dirty: 	 -1.259668834791877
Kurtosis generated dirty: 	 -1.2593779462188706

Min original dirty: 	 1266.0
Min generated dirty: 	 1266.0

Max original dirty: 	 982590.0
Max generated dirty: 	 982590.0

--------------------------------------------------------
--------------------------------------------------------
article_jvolumn
Mean original dirty: 	 67.921
Mean generated dirty: 	 66.516625

Var original dirty: 	 79353.13189089089
Var generated dirty: 	 78172.77351694557

Q25 original dirty: 	 12.0
Q25 generated dirty: 	 11.0

INFO: Q25 differs from original dirty data

Q50 original dirty: 	 29.0
Q50 generated dirty: 	 28.0

INFO: Q50 differs from original dirty data

Q75 original dirty: 	 64.0
Q75 generated dirty: 	 28.0

INFO: Q75 differs from original dirty data

Skew original dirty: 	 19.826568962079293
Skew generated dirty: 	 19.921610257990952

Kurtosis original dirty: 	 485.3146427950968
Kurtosis generated dirty: 	 489.35185096141294

Min original dirty: 	 0.0
Min generated dirty: 	 -1.0

Max original dirty: 	 7457.0
Max generated dirty: 	 7457.0

--------------------------------------------------------
--------------------------------------------------------
article_jissue
Mean original dirty: 	 47.683
Mean generated dirty: 	 44.52359375

Var original dirty: 	 294679.45396496495
Var generated dirty: 	 274978.7334860457

Q25 original dirty: 	 0.0
Q25 generated dirty: 	 0.0

Q50 original dirty: 	 3.0
Q50 generated dirty: 	 3.0

Q75 original dirty: 	 6.0
Q75 generated dirty: 	 3.0

INFO: Q75 differs from original dirty data

Skew original dirty: 	 13.621788933871702
Skew generated dirty: 	 14.107211946480446

Kurtosis original dirty: 	 192.88433554374086
Kurtosis generated dirty: 	 206.69318702831546

Min original dirty: 	 0.0
Min generated dirty: 	 -1.0

Max original dirty: 	 9453.0
Max generated dirty: 	 9453.0

--------------------------------------------------------
--------------------------------------------------------
id
Distinct original dirty: 	 1000
Distinct original clean: 	 1000
Distinct estimated dirty (whole dataset): 	 64000, distinct with ratio 	 64000
Distinct estimated dirty (replicate + errors): 	 1000.0
Distinct generated dirty: 	 1000

--------------------------------------------------------
article_title
Distinct original dirty: 	 1000
Distinct original clean: 	 1000
Distinct estimated dirty (whole dataset): 	 64000, distinct with ratio 	 64000
Distinct estimated dirty (replicate + errors): 	 1896.0
Distinct generated dirty: 	 1896

Typos original dirty: 	 14
Typos generated dirty: 	 896

Distinct estimated typo: 	 896
Unique typos count - original dirty: 	 14
Unique typos count - generated dirty: 	 896

--------------------------------------------------------
article_language
Distinct original dirty: 	 34
Distinct original clean: 	 34
Distinct estimated dirty (whole dataset): 	 389, distinct with ratio 	 389
Distinct estimated dirty (replicate + errors): 	 34.0
Distinct generated dirty: 	 34

--------------------------------------------------------
journal_title
Distinct original dirty: 	 718
Distinct original clean: 	 718
Distinct estimated dirty (whole dataset): 	 38017, distinct with ratio 	 38017
Distinct estimated dirty (replicate + errors): 	 1294.0
Distinct generated dirty: 	 1292

Typos original dirty: 	 9
Typos generated dirty: 	 576

Distinct estimated typo: 	 576
Unique typos count - original dirty: 	 9
Unique typos count - generated dirty: 	 575

--------------------------------------------------------
jounral_abbreviation
Distinct original dirty: 	 423
Distinct original clean: 	 423
Distinct estimated dirty (whole dataset): 	 22149, distinct with ratio 	 22149
Distinct estimated dirty (replicate + errors): 	 423.0
Distinct generated dirty: 	 423

--------------------------------------------------------
journal_issn
Distinct original dirty: 	 616
Distinct original clean: 	 616
Distinct estimated dirty (whole dataset): 	 32613, distinct with ratio 	 32613
Distinct estimated dirty (replicate + errors): 	 835.0
Distinct generated dirty: 	 834

Typos original dirty: 	 12
Typos generated dirty: 	 768

Distinct estimated typo: 	 219
Unique typos count - original dirty: 	 8
Unique typos count - generated dirty: 	 219

--------------------------------------------------------
article_jvolumn
Distinct original dirty: 	 189
Distinct original clean: 	 189
Distinct estimated dirty (whole dataset): 	 1101, distinct with ratio 	 1101
Distinct estimated dirty (replicate + errors): 	 190.0
Distinct generated dirty: 	 190

MV original dirty: 	 22
MV generated dirty: 	 1408

Distinct estimated mv: 	 1
Unique MV count - original dirty: 	 1
Unique MV count - generated dirty: 	 2

--------------------------------------------------------
article_jissue
Distinct original dirty: 	 41
Distinct original clean: 	 41
Distinct estimated dirty (whole dataset): 	 176, distinct with ratio 	 176
Distinct estimated dirty (replicate + errors): 	 42.0
Distinct generated dirty: 	 41

MV original dirty: 	 53
MV generated dirty: 	 3392

Distinct estimated mv: 	 1
Unique MV count - original dirty: 	 1
Unique MV count - generated dirty: 	 2

--------------------------------------------------------
article_jcreated_at
Distinct original dirty: 	 263
Distinct original clean: 	 262
Distinct estimated dirty (whole dataset): 	 3768, distinct with ratio 	 3768
Distinct estimated dirty (replicate + errors): 	 2140.0
Distinct generated dirty: 	 2067

Replacements original dirty: 	 224
Replacements generated dirty: 	 14336

Unique replacements count - original dirty: 	 8
Unique replacements count - generated dirty: 	 8 

Typos original dirty: 	 498
Typos generated dirty: 	 31872

Distinct estimated typo: 	 1878
Unique typos count - original dirty: 	 149
Unique typos count - generated dirty: 	 1832

--------------------------------------------------------
article_pagination
Distinct original dirty: 	 872
Distinct original clean: 	 871
Distinct estimated dirty (whole dataset): 	 52042, distinct with ratio 	 52042
Distinct estimated dirty (replicate + errors): 	 2919.0
Distinct generated dirty: 	 2852

Typos original dirty: 	 32
Typos generated dirty: 	 2048

Distinct estimated typo: 	 2048
Unique typos count - original dirty: 	 32
Unique typos count - generated dirty: 	 2030

--------------------------------------------------------
author_list
Distinct original dirty: 	 937
Distinct original clean: 	 937
Distinct estimated dirty (whole dataset): 	 58350, distinct with ratio 	 58350
Distinct estimated dirty (replicate + errors): 	 6313.0
Distinct generated dirty: 	 6295

Typos original dirty: 	 84
Typos generated dirty: 	 5376

Distinct estimated typo: 	 5376
Unique typos count - original dirty: 	 84
Unique typos count - generated dirty: 	 5375

Validation of scaled dataset: 0.0009520053863525391

Time elapsed 12.036496639251709

(64000, 11)
+++++++++++++++++++++++++++++++

real	0m13.337s
user	0m17.674s
sys	0m4.178s
