WARNING:root:'PYARROW_IGNORE_TIMEZONE' environment variable was not set. It is required to set this environment variable to '1' in both driver and executor sides if you use pyarrow>=2.0.0. pandas-on-Spark will set it for you but it does not work if there is a Spark context already launched.
Error dist count [274, 698, 0, 0, 0, 201, 600, 401, 200, 200, 3, 188, 200, 0, 200]
Original error count [274 698   0   0   0 201 600 401 200 200   3 188 200   0 200]
Error distribution computation: 6.392505884170532

Scale dataset: 0.42541956901550293

INFO: Added less new unique MV (4) then expected unique MV (5).
Generated dataset
Errors to scaled dataset: 25.36585569381714

Save dataset: 5.966153144836426

Error count [[1096. 2792.    0.    0.    0.  804. 2400. 1604.  800.  800.   12.  752.
   800.    0.  800.]]
Computed new error distribution: 2.6028354167938232

--------------------------------------------------------
area_code
Mean original dirty: 	 560.831715
Mean generated dirty: 	 560.831715

Var original dirty: 	 58145.10348067616
Var generated dirty: 	 58144.885436265584

Q25 original dirty: 	 317.0
Q25 generated dirty: 	 317.0

Q50 original dirty: 	 571.0
Q50 generated dirty: 	 571.0

Q75 original dirty: 	 787.0
Q75 generated dirty: 	 571.0

INFO: Q75 differs from original dirty data

Skew original dirty: 	 0.05745327947772957
Skew generated dirty: 	 0.05745295630158494

Kurtosis original dirty: 	 -1.3145588129341748
Kurtosis generated dirty: 	 -1.3145566650180538

Min original dirty: 	 201.0
Min generated dirty: 	 201.0

Max original dirty: 	 989.0
Max generated dirty: 	 989.0

--------------------------------------------------------
--------------------------------------------------------
zip
Mean original dirty: 	 50095.125655
Mean generated dirty: 	 50093.53133255028

Var original dirty: 	 200837024141.40744
Var generated dirty: 	 197537745749.7857

Q25 original dirty: 	 21727.0
Q25 generated dirty: 	 21737.0

INFO: Q25 differs from original dirty data

Q50 original dirty: 	 49839.0
Q50 generated dirty: 	 49847.0

INFO: Q50 differs from original dirty data

Q75 original dirty: 	 74818.0
Q75 generated dirty: 	 49847.0

INFO: Q75 differs from original dirty data

Skew original dirty: 	 444.09351089627035
Skew generated dirty: 	 444.0396338415011

Kurtosis original dirty: 	 198141.69839647817
Kurtosis generated dirty: 	 198107.41897388417

Min original dirty: 	 501.0
Min generated dirty: 	 501.0

Max original dirty: 	 200000000.0
Max generated dirty: 	 198343569.0100552

--------------------------------------------------------
--------------------------------------------------------
salary
Mean original dirty: 	 53005.850015
Mean generated dirty: 	 53001.508042262154

Var original dirty: 	 50781087769.62623
Var generated dirty: 	 49908060370.86758

Q25 original dirty: 	 25000.0
Q25 generated dirty: 	 25000.0

Q50 original dirty: 	 50000.0
Q50 generated dirty: 	 50000.0

Q75 original dirty: 	 80000.0
Q75 generated dirty: 	 50000.0

INFO: Q75 differs from original dirty data

Skew original dirty: 	 436.2471652327904
Skew generated dirty: 	 436.0537618663994

Kurtosis original dirty: 	 193487.72706361904
Kurtosis generated dirty: 	 193371.18653116838

Min original dirty: 	 0.0
Min generated dirty: 	 0.0

Max original dirty: 	 100000000.0
Max generated dirty: 	 99122854.70243078

--------------------------------------------------------
--------------------------------------------------------
rate
Mean original dirty: 	 4.475095952357
Mean generated dirty: 	 4.864734878923748

Var original dirty: 	 10130.89791331265
Var generated dirty: 	 27845.967892910343

Q25 original dirty: 	 2.2
Q25 generated dirty: 	 2.1885417

INFO: Q25 differs from original dirty data

Q50 original dirty: 	 4.75
Q50 generated dirty: 	 4.75

Q75 original dirty: 	 6.25
Q75 generated dirty: 	 4.75

INFO: Q75 differs from original dirty data

Skew original dirty: 	 446.6965191070783
Skew generated dirty: 	 269.5612913273598

Kurtosis original dirty: 	 199691.73582855987
Kurtosis generated dirty: 	 72681.88523135883

Min original dirty: 	 0.0
Min generated dirty: 	 0.0

Max original dirty: 	 45000.0
Max generated dirty: 	 45000.0

--------------------------------------------------------
--------------------------------------------------------
single_exemp
Mean original dirty: 	 830.67196
Mean generated dirty: 	 829.8463575

Var original dirty: 	 2982988.7154833344
Var generated dirty: 	 2980448.3398219068

Q25 original dirty: 	 0.0
Q25 generated dirty: 	 0.0

Q50 original dirty: 	 0.0
Q50 generated dirty: 	 0.0

Q75 original dirty: 	 1040.0
Q75 generated dirty: 	 0.0

INFO: Q75 differs from original dirty data

Skew original dirty: 	 3.767302451369809
Skew generated dirty: 	 3.7690827014190886

Kurtosis original dirty: 	 20.33364906584868
Kurtosis generated dirty: 	 20.35304938553548

Min original dirty: 	 0.0
Min generated dirty: 	 0.0

Max original dirty: 	 12750.0
Max generated dirty: 	 12750.0

--------------------------------------------------------
--------------------------------------------------------
married_exemp
Mean original dirty: 	 1652.15198
Mean generated dirty: 	 1652.15198

Var original dirty: 	 11582043.820881182
Var generated dirty: 	 11582000.388162563

Q25 original dirty: 	 0.0
Q25 generated dirty: 	 0.0

Q50 original dirty: 	 0.0
Q50 generated dirty: 	 0.0

Q75 original dirty: 	 2080.0
Q75 generated dirty: 	 0.0

INFO: Q75 differs from original dirty data

Skew original dirty: 	 3.5913084518732052
Skew generated dirty: 	 3.591288250672678

Kurtosis original dirty: 	 18.416817090634183
Kurtosis generated dirty: 	 18.41644927617702

Min original dirty: 	 0.0
Min generated dirty: 	 0.0

Max original dirty: 	 24500.0
Max generated dirty: 	 24500.0

--------------------------------------------------------
--------------------------------------------------------
child_exemp
Mean original dirty: 	 602.7901
Mean generated dirty: 	 602.2069575

Var original dirty: 	 1114237.5683998314
Var generated dirty: 	 1113521.391252833

Q25 original dirty: 	 0.0
Q25 generated dirty: 	 0.0

Q50 original dirty: 	 0.0
Q50 generated dirty: 	 0.0

Q75 original dirty: 	 1000.0
Q75 generated dirty: 	 0.0

INFO: Q75 differs from original dirty data

Skew original dirty: 	 1.5920598053140178
Skew generated dirty: 	 1.5935394120404818

Kurtosis original dirty: 	 1.0869967396792393
Kurtosis generated dirty: 	 1.0919069976859999

Min original dirty: 	 0.0
Min generated dirty: 	 0.0

Max original dirty: 	 3300.0
Max generated dirty: 	 3300.0

--------------------------------------------------------
--------------------------------------------------------
f_name
Distinct original dirty: 	 10002
Distinct original clean: 	 10000
Distinct estimated dirty (whole dataset): 	 10002, distinct with ratio 	 10002
Distinct estimated dirty (replicate + errors): 	 10013.0
Distinct generated dirty: 	 10015

Swaps original dirty: 	 2
Swaps generated dirty: 	 8.0

Unique swaps count - original dirty: 	 4
Unique swaps count - generated dirty: 	 12

Typos original dirty: 	 272
Typos generated dirty: 	 1088

Distinct estimated typo: 	 13
Unique typos count - original dirty: 	 13
Unique typos count - generated dirty: 	 13

--------------------------------------------------------
l_name
Distinct original dirty: 	 10004
Distinct original clean: 	 10000
Distinct estimated dirty (whole dataset): 	 10005, distinct with ratio 	 10005
Distinct estimated dirty (replicate + errors): 	 10039.0
Distinct generated dirty: 	 10042

Swaps original dirty: 	 3
Swaps generated dirty: 	 12.0

Unique swaps count - original dirty: 	 4
Unique swaps count - generated dirty: 	 12

Typos original dirty: 	 695
Typos generated dirty: 	 2780

Distinct estimated typo: 	 39
Unique typos count - original dirty: 	 38
Unique typos count - generated dirty: 	 39

--------------------------------------------------------
gender
Distinct original dirty: 	 2
Distinct original clean: 	 2
Distinct estimated dirty (whole dataset): 	 2, distinct with ratio 	 2
Distinct estimated dirty (replicate + errors): 	 2.0
Distinct generated dirty: 	 2

--------------------------------------------------------
area_code
Distinct original dirty: 	 273
Distinct original clean: 	 273
Distinct estimated dirty (whole dataset): 	 273, distinct with ratio 	 273
Distinct estimated dirty (replicate + errors): 	 273.0
Distinct generated dirty: 	 273

--------------------------------------------------------
phone
Distinct original dirty: 	 197555
Distinct original clean: 	 197555
Distinct estimated dirty (whole dataset): 	 777567, distinct with ratio 	 777567
Distinct estimated dirty (replicate + errors): 	 197555.0
Distinct generated dirty: 	 197555

--------------------------------------------------------
city
Distinct original dirty: 	 17859
Distinct original clean: 	 17829
Distinct estimated dirty (whole dataset): 	 19599, distinct with ratio 	 19599
Distinct estimated dirty (replicate + errors): 	 17860.0
Distinct generated dirty: 	 17861

Swaps original dirty: 	 1
Swaps generated dirty: 	 4.0

Unique swaps count - original dirty: 	 4
Unique swaps count - generated dirty: 	 12

Typos original dirty: 	 200
Typos generated dirty: 	 800

Distinct estimated typo: 	 31
Unique typos count - original dirty: 	 29
Unique typos count - generated dirty: 	 31

--------------------------------------------------------
state
Distinct original dirty: 	 53
Distinct original clean: 	 52
Distinct estimated dirty (whole dataset): 	 53, distinct with ratio 	 53
Distinct estimated dirty (replicate + errors): 	 53.0
Distinct generated dirty: 	 53

Replacements original dirty: 	 400
Replacements generated dirty: 	 1600

Unique replacements count - original dirty: 	 52
Unique replacements count - generated dirty: 	 52 

Typos original dirty: 	 200
Typos generated dirty: 	 800

Distinct estimated typo: 	 1
Unique typos count - original dirty: 	 1
Unique typos count - generated dirty: 	 1

--------------------------------------------------------
zip
Distinct original dirty: 	 39062
Distinct original clean: 	 39069
Distinct estimated dirty (whole dataset): 	 44778, distinct with ratio 	 44778
Distinct estimated dirty (replicate + errors): 	 39073.0
Distinct generated dirty: 	 39068

Replacements original dirty: 	 400
Replacements generated dirty: 	 1600

Unique replacements count - original dirty: 	 396
Unique replacements count - generated dirty: 	 396 

Outliers original dirty: 	 1
Outliers generated dirty: 	 4

Unique outliers count - original dirty: 	 1
Unique outliers count - generated dirty: 	 2

--------------------------------------------------------
marital_status
Distinct original dirty: 	 2
Distinct original clean: 	 2
Distinct estimated dirty (whole dataset): 	 2, distinct with ratio 	 2
Distinct estimated dirty (replicate + errors): 	 2.0
Distinct generated dirty: 	 2

Replacements original dirty: 	 200
Replacements generated dirty: 	 800

Unique replacements count - original dirty: 	 1
Unique replacements count - generated dirty: 	 1 

--------------------------------------------------------
has_child
Distinct original dirty: 	 2
Distinct original clean: 	 2
Distinct estimated dirty (whole dataset): 	 2, distinct with ratio 	 2
Distinct estimated dirty (replicate + errors): 	 2.0
Distinct generated dirty: 	 2

Replacements original dirty: 	 200
Replacements generated dirty: 	 800

Unique replacements count - original dirty: 	 1
Unique replacements count - generated dirty: 	 1 

--------------------------------------------------------
salary
Distinct original dirty: 	 23
Distinct original clean: 	 20
Distinct estimated dirty (whole dataset): 	 32, distinct with ratio 	 32
Distinct estimated dirty (replicate + errors): 	 32.0
Distinct generated dirty: 	 23

Swaps original dirty: 	 1
Swaps generated dirty: 	 4.0

Unique swaps count - original dirty: 	 4
Unique swaps count - generated dirty: 	 8

MV original dirty: 	 1
MV generated dirty: 	 4

Distinct estimated mv: 	 8
Unique MV count - original dirty: 	 2
Unique MV count - generated dirty: 	 8

Outliers original dirty: 	 1
Outliers generated dirty: 	 4

Unique outliers count - original dirty: 	 1
Unique outliers count - generated dirty: 	 2

--------------------------------------------------------
rate
Distinct original dirty: 	 280
Distinct original clean: 	 278
Distinct estimated dirty (whole dataset): 	 283, distinct with ratio 	 283
Distinct estimated dirty (replicate + errors): 	 283.0
Distinct generated dirty: 	 281

Swaps original dirty: 	 1
Swaps generated dirty: 	 4.0

Unique swaps count - original dirty: 	 4
Unique swaps count - generated dirty: 	 7

MV original dirty: 	 187
MV generated dirty: 	 748

Distinct estimated mv: 	 5
Unique MV count - original dirty: 	 2
Unique MV count - generated dirty: 	 4

--------------------------------------------------------
single_exemp
Distinct original dirty: 	 29
Distinct original clean: 	 28
Distinct estimated dirty (whole dataset): 	 29, distinct with ratio 	 29
Distinct estimated dirty (replicate + errors): 	 29.0
Distinct generated dirty: 	 29

MV original dirty: 	 200
MV generated dirty: 	 800

Distinct estimated mv: 	 1
Unique MV count - original dirty: 	 1
Unique MV count - generated dirty: 	 2

--------------------------------------------------------
married_exemp
Distinct original dirty: 	 28
Distinct original clean: 	 28
Distinct estimated dirty (whole dataset): 	 28, distinct with ratio 	 28
Distinct estimated dirty (replicate + errors): 	 28.0
Distinct generated dirty: 	 28

--------------------------------------------------------
child_exemp
Distinct original dirty: 	 27
Distinct original clean: 	 26
Distinct estimated dirty (whole dataset): 	 27, distinct with ratio 	 27
Distinct estimated dirty (replicate + errors): 	 27.0
Distinct generated dirty: 	 27

MV original dirty: 	 200
MV generated dirty: 	 800

Distinct estimated mv: 	 1
Unique MV count - original dirty: 	 1
Unique MV count - generated dirty: 	 2

Numerical swaps original dirty: 	 1
Numerical swaps generated dirty: 	 4

Numerical swaps original dirty: 	 3
Numerical swaps generated dirty: 	 12

Validation of scaled dataset: 0.001033782958984375

Time elapsed 40.76739430427551

(800000, 15)
+++++++++++++++++++++++++++++++

real	0m42.778s
user	1m20.361s
sys	0m11.414s
