WARNING:root:'PYARROW_IGNORE_TIMEZONE' environment variable was not set. It is required to set this environment variable to '1' in both driver and executor sides if you use pyarrow>=2.0.0. pandas-on-Spark will set it for you but it does not work if there is a Spark context already launched.
Error dist count [274, 698, 0, 0, 0, 201, 600, 401, 200, 200, 3, 188, 200, 0, 200]
Original error count [274 698   0   0   0 201 600 401 200 200   3 188 200   0 200]
Error distribution computation: 6.440231084823608

Scale dataset: 10.901113510131836

INFO: Added less new unique MV (13) then expected unique MV (64).
INFO: Added less new unique MV (12) then expected unique MV (23).
Generated dataset
Errors to scaled dataset: 1155.5452167987823

Save dataset: 31.97415804862976

Error count [[ 8768. 22336.     0.     0.     0.  6432. 19200. 12832.  6400.  6400.
     96.  6016.  6400.     0.  6400.]]
Computed new error distribution: 21.087952375411987

--------------------------------------------------------
area_code
Mean original dirty: 	 560.831715
Mean generated dirty: 	 560.831715

Var original dirty: 	 58145.10348067616
Var generated dirty: 	 58144.82184028723

Q25 original dirty: 	 317.0
Q25 generated dirty: 	 317.0

Q50 original dirty: 	 571.0
Q50 generated dirty: 	 571.0

Q75 original dirty: 	 787.0
Q75 generated dirty: 	 571.0

INFO: Q75 differs from original dirty data

Skew original dirty: 	 0.05745327947772957
Skew generated dirty: 	 0.05745286204275105

Kurtosis original dirty: 	 -1.3145588129341748
Kurtosis generated dirty: 	 -1.3145560385407296

Min original dirty: 	 201.0
Min generated dirty: 	 201.0

Max original dirty: 	 989.0
Max generated dirty: 	 989.0

--------------------------------------------------------
--------------------------------------------------------
zip
Mean original dirty: 	 50095.125655
Mean generated dirty: 	 50094.29934359375

Var original dirty: 	 200837024141.40744
Var generated dirty: 	 393610573256.6485

Q25 original dirty: 	 21727.0
Q25 generated dirty: 	 21738.0

INFO: Q25 differs from original dirty data

Q50 original dirty: 	 49839.0
Q50 generated dirty: 	 49848.0

INFO: Q50 differs from original dirty data

Q75 original dirty: 	 74818.0
Q75 generated dirty: 	 49848.0

INFO: Q75 differs from original dirty data

Skew original dirty: 	 444.09351089627035
Skew generated dirty: 	 630.2012115880476

Kurtosis original dirty: 	 198141.69839647817
Kurtosis generated dirty: 	 398097.3164360948

Min original dirty: 	 501.0
Min generated dirty: 	 -50259.0

Max original dirty: 	 200000000.0
Max generated dirty: 	 396370458.0

--------------------------------------------------------
--------------------------------------------------------
salary
Mean original dirty: 	 53005.850015
Mean generated dirty: 	 53161.05432484375

Var original dirty: 	 50781087769.62623
Var generated dirty: 	 109717648884.05994

Q25 original dirty: 	 25000.0
Q25 generated dirty: 	 25000.0

Q50 original dirty: 	 50000.0
Q50 generated dirty: 	 50000.0

Q75 original dirty: 	 80000.0
Q75 generated dirty: 	 50000.0

INFO: Q75 differs from original dirty data

Skew original dirty: 	 436.2471652327904
Skew generated dirty: 	 538.1435261679562

Kurtosis original dirty: 	 193487.72706361904
Kurtosis generated dirty: 	 306229.1824730391

Min original dirty: 	 0.0
Min generated dirty: 	 -137492.0

Max original dirty: 	 100000000.0
Max generated dirty: 	 199622500.996225

--------------------------------------------------------
--------------------------------------------------------
rate
Mean original dirty: 	 4.475095952357
Mean generated dirty: 	 4.885903998212769

Var original dirty: 	 10130.89791331265
Var generated dirty: 	 28794.950170970387

Q25 original dirty: 	 2.2
Q25 generated dirty: 	 2.1885417

INFO: Q25 differs from original dirty data

Q50 original dirty: 	 4.75
Q50 generated dirty: 	 4.75

Q75 original dirty: 	 6.25
Q75 generated dirty: 	 4.75

INFO: Q75 differs from original dirty data

Skew original dirty: 	 446.6965191070783
Skew generated dirty: 	 265.0838017478219

Kurtosis original dirty: 	 199691.73582855987
Kurtosis generated dirty: 	 70286.53339365068

Min original dirty: 	 0.0
Min generated dirty: 	 0.0

Max original dirty: 	 45000.0
Max generated dirty: 	 45000.0

--------------------------------------------------------
--------------------------------------------------------
single_exemp
Mean original dirty: 	 830.67196
Mean generated dirty: 	 829.84906765625

Var original dirty: 	 2982988.7154833344
Var generated dirty: 	 2980768.628240305

Q25 original dirty: 	 0.0
Q25 generated dirty: 	 0.0

Q50 original dirty: 	 0.0
Q50 generated dirty: 	 0.0

Q75 original dirty: 	 1040.0
Q75 generated dirty: 	 0.0

INFO: Q75 differs from original dirty data

Skew original dirty: 	 3.767302451369809
Skew generated dirty: 	 3.769255557069932

Kurtosis original dirty: 	 20.33364906584868
Kurtosis generated dirty: 	 20.353450357623355

Min original dirty: 	 0.0
Min generated dirty: 	 0.0

Max original dirty: 	 12750.0
Max generated dirty: 	 12750.0

--------------------------------------------------------
--------------------------------------------------------
married_exemp
Mean original dirty: 	 1652.15198
Mean generated dirty: 	 1652.15198

Var original dirty: 	 11582043.820881182
Var generated dirty: 	 11581987.720347663

Q25 original dirty: 	 0.0
Q25 generated dirty: 	 0.0

Q50 original dirty: 	 0.0
Q50 generated dirty: 	 0.0

Q75 original dirty: 	 2080.0
Q75 generated dirty: 	 0.0

INFO: Q75 differs from original dirty data

Skew original dirty: 	 3.5913084518732052
Skew generated dirty: 	 3.591282358710556

Kurtosis original dirty: 	 18.416817090634183
Kurtosis generated dirty: 	 18.416341998843723

Min original dirty: 	 0.0
Min generated dirty: 	 0.0

Max original dirty: 	 24500.0
Max generated dirty: 	 24500.0

--------------------------------------------------------
--------------------------------------------------------
child_exemp
Mean original dirty: 	 602.7901
Mean generated dirty: 	 602.17667

Var original dirty: 	 1114237.5683998314
Var generated dirty: 	 1113452.788978772

Q25 original dirty: 	 0.0
Q25 generated dirty: 	 0.0

Q50 original dirty: 	 0.0
Q50 generated dirty: 	 0.0

Q75 original dirty: 	 1000.0
Q75 generated dirty: 	 0.0

INFO: Q75 differs from original dirty data

Skew original dirty: 	 1.5920598053140178
Skew generated dirty: 	 1.59362497219741

Kurtosis original dirty: 	 1.0869967396792393
Kurtosis generated dirty: 	 1.0922415642490537

Min original dirty: 	 0.0
Min generated dirty: 	 0.0

Max original dirty: 	 3300.0
Max generated dirty: 	 3300.0

--------------------------------------------------------
--------------------------------------------------------
f_name
Distinct original dirty: 	 10002
Distinct original clean: 	 10000
Distinct estimated dirty (whole dataset): 	 10005, distinct with ratio 	 10005
Distinct estimated dirty (replicate + errors): 	 10013.0
Distinct generated dirty: 	 10015

Swaps original dirty: 	 2
Swaps generated dirty: 	 64.0

Unique swaps count - original dirty: 	 4
Unique swaps count - generated dirty: 	 95

Typos original dirty: 	 272
Typos generated dirty: 	 8704

Distinct estimated typo: 	 13
Unique typos count - original dirty: 	 13
Unique typos count - generated dirty: 	 13

--------------------------------------------------------
l_name
Distinct original dirty: 	 10004
Distinct original clean: 	 10000
Distinct estimated dirty (whole dataset): 	 10010, distinct with ratio 	 10010
Distinct estimated dirty (replicate + errors): 	 10040.0
Distinct generated dirty: 	 10043

Swaps original dirty: 	 3
Swaps generated dirty: 	 96.0

Unique swaps count - original dirty: 	 4
Unique swaps count - generated dirty: 	 95

Typos original dirty: 	 695
Typos generated dirty: 	 22240

Distinct estimated typo: 	 40
Unique typos count - original dirty: 	 38
Unique typos count - generated dirty: 	 40

--------------------------------------------------------
gender
Distinct original dirty: 	 2
Distinct original clean: 	 2
Distinct estimated dirty (whole dataset): 	 2, distinct with ratio 	 2
Distinct estimated dirty (replicate + errors): 	 2.0
Distinct generated dirty: 	 2

--------------------------------------------------------
area_code
Distinct original dirty: 	 273
Distinct original clean: 	 273
Distinct estimated dirty (whole dataset): 	 273, distinct with ratio 	 273
Distinct estimated dirty (replicate + errors): 	 273.0
Distinct generated dirty: 	 273

--------------------------------------------------------
phone
Distinct original dirty: 	 197555
Distinct original clean: 	 197555
Distinct estimated dirty (whole dataset): 	 6174928, distinct with ratio 	 6174928
Distinct estimated dirty (replicate + errors): 	 197555.0
Distinct generated dirty: 	 197555

--------------------------------------------------------
city
Distinct original dirty: 	 17859
Distinct original clean: 	 17829
Distinct estimated dirty (whole dataset): 	 26415, distinct with ratio 	 26415
Distinct estimated dirty (replicate + errors): 	 17871.0
Distinct generated dirty: 	 17872

Swaps original dirty: 	 1
Swaps generated dirty: 	 32.0

Unique swaps count - original dirty: 	 4
Unique swaps count - generated dirty: 	 95

Typos original dirty: 	 200
Typos generated dirty: 	 6400

Distinct estimated typo: 	 42
Unique typos count - original dirty: 	 29
Unique typos count - generated dirty: 	 42

--------------------------------------------------------
state
Distinct original dirty: 	 53
Distinct original clean: 	 52
Distinct estimated dirty (whole dataset): 	 53, distinct with ratio 	 53
Distinct estimated dirty (replicate + errors): 	 53.0
Distinct generated dirty: 	 53

Replacements original dirty: 	 400
Replacements generated dirty: 	 12800

Unique replacements count - original dirty: 	 52
Unique replacements count - generated dirty: 	 52 

Typos original dirty: 	 200
Typos generated dirty: 	 6400

Distinct estimated typo: 	 1
Unique typos count - original dirty: 	 1
Unique typos count - generated dirty: 	 1

--------------------------------------------------------
zip
Distinct original dirty: 	 39062
Distinct original clean: 	 39069
Distinct estimated dirty (whole dataset): 	 75415, distinct with ratio 	 75415
Distinct estimated dirty (replicate + errors): 	 39101.0
Distinct generated dirty: 	 39071

Replacements original dirty: 	 400
Replacements generated dirty: 	 12800

Unique replacements count - original dirty: 	 396
Unique replacements count - generated dirty: 	 396 

Outliers original dirty: 	 1
Outliers generated dirty: 	 32

Unique outliers count - original dirty: 	 1
Unique outliers count - generated dirty: 	 3

--------------------------------------------------------
marital_status
Distinct original dirty: 	 2
Distinct original clean: 	 2
Distinct estimated dirty (whole dataset): 	 2, distinct with ratio 	 2
Distinct estimated dirty (replicate + errors): 	 2.0
Distinct generated dirty: 	 2

Replacements original dirty: 	 200
Replacements generated dirty: 	 6400

Unique replacements count - original dirty: 	 1
Unique replacements count - generated dirty: 	 1 

--------------------------------------------------------
has_child
Distinct original dirty: 	 2
Distinct original clean: 	 2
Distinct estimated dirty (whole dataset): 	 2, distinct with ratio 	 2
Distinct estimated dirty (replicate + errors): 	 2.0
Distinct generated dirty: 	 2

Replacements original dirty: 	 200
Replacements generated dirty: 	 6400

Unique replacements count - original dirty: 	 1
Unique replacements count - generated dirty: 	 1 

--------------------------------------------------------
salary
Distinct original dirty: 	 23
Distinct original clean: 	 20
Distinct estimated dirty (whole dataset): 	 116, distinct with ratio 	 116
Distinct estimated dirty (replicate + errors): 	 116.0
Distinct generated dirty: 	 36

Swaps original dirty: 	 1
Swaps generated dirty: 	 32.0

Unique swaps count - original dirty: 	 4
Unique swaps count - generated dirty: 	 20

MV original dirty: 	 1
MV generated dirty: 	 32

Distinct estimated mv: 	 64
Unique MV count - original dirty: 	 2
Unique MV count - generated dirty: 	 13

Outliers original dirty: 	 1
Outliers generated dirty: 	 32

Unique outliers count - original dirty: 	 1
Unique outliers count - generated dirty: 	 5

--------------------------------------------------------
rate
Distinct original dirty: 	 280
Distinct original clean: 	 278
Distinct estimated dirty (whole dataset): 	 280, distinct with ratio 	 280
Distinct estimated dirty (replicate + errors): 	 301.0
Distinct generated dirty: 	 288

Swaps original dirty: 	 1
Swaps generated dirty: 	 32.0

Unique swaps count - original dirty: 	 4
Unique swaps count - generated dirty: 	 45

MV original dirty: 	 187
MV generated dirty: 	 5984

Distinct estimated mv: 	 23
Unique MV count - original dirty: 	 2
Unique MV count - generated dirty: 	 12

--------------------------------------------------------
single_exemp
Distinct original dirty: 	 29
Distinct original clean: 	 28
Distinct estimated dirty (whole dataset): 	 29, distinct with ratio 	 29
Distinct estimated dirty (replicate + errors): 	 29.0
Distinct generated dirty: 	 29

MV original dirty: 	 200
MV generated dirty: 	 6400

Distinct estimated mv: 	 1
Unique MV count - original dirty: 	 1
Unique MV count - generated dirty: 	 2

--------------------------------------------------------
married_exemp
Distinct original dirty: 	 28
Distinct original clean: 	 28
Distinct estimated dirty (whole dataset): 	 28, distinct with ratio 	 28
Distinct estimated dirty (replicate + errors): 	 28.0
Distinct generated dirty: 	 28

--------------------------------------------------------
child_exemp
Distinct original dirty: 	 27
Distinct original clean: 	 26
Distinct estimated dirty (whole dataset): 	 27, distinct with ratio 	 27
Distinct estimated dirty (replicate + errors): 	 27.0
Distinct generated dirty: 	 27

MV original dirty: 	 200
MV generated dirty: 	 6400

Distinct estimated mv: 	 1
Unique MV count - original dirty: 	 1
Unique MV count - generated dirty: 	 2

Numerical swaps original dirty: 	 1
Numerical swaps generated dirty: 	 32

Numerical swaps original dirty: 	 3
Numerical swaps generated dirty: 	 96

Validation of scaled dataset: 0.0009515285491943359

Time elapsed 1225.955937385559

(6400000, 15)
+++++++++++++++++++++++++++++++

real	20m28.122s
user	57m30.486s
sys	0m47.090s
