WARNING:root:'PYARROW_IGNORE_TIMEZONE' environment variable was not set. It is required to set this environment variable to '1' in both driver and executor sides if you use pyarrow>=2.0.0. pandas-on-Spark will set it for you but it does not work if there is a Spark context already launched.
Error dist count [274, 698, 0, 0, 0, 201, 600, 401, 200, 200, 3, 188, 200, 0, 200]
Original error count [274 698   0   0   0 201 600 401 200 200   3 188 200   0 200]
Error distribution computation: 6.116478681564331

Scale dataset: 119.08656334877014

INFO: Added less new unique MV (13) then expected unique MV (256).
INFO: Added less new unique MV (5) then expected unique MV (6).
Generated dataset
Errors to scaled dataset: 21338.442223072052

Save dataset: 122.39305067062378

Error count [[35072. 89344.     0.     0.     0. 25728. 76800. 51328. 25600. 25600.
    384. 24064. 25600.     0. 25600.]]
Computed new error distribution: 82.11495351791382

--------------------------------------------------------
area_code
Mean original dirty: 	 560.831715
Mean generated dirty: 	 560.831715

Var original dirty: 	 58145.10348067616
Var generated dirty: 	 58144.815026440585

Q25 original dirty: 	 317.0
Q25 generated dirty: 	 317.0

Q50 original dirty: 	 571.0
Q50 generated dirty: 	 571.0

Q75 original dirty: 	 787.0
Q75 generated dirty: 	 571.0

INFO: Q75 differs from original dirty data

Skew original dirty: 	 0.05745327947772957
Skew generated dirty: 	 0.05745285194361394

Kurtosis original dirty: 	 -1.3145588129341748
Kurtosis generated dirty: 	 -1.314555971418109

Min original dirty: 	 201.0
Min generated dirty: 	 201.0

Max original dirty: 	 989.0
Max generated dirty: 	 989.0

--------------------------------------------------------
--------------------------------------------------------
zip
Mean original dirty: 	 50095.125655
Mean generated dirty: 	 50095.12866046875

Var original dirty: 	 200837024141.40744
Var generated dirty: 	 296034093625.50616

Q25 original dirty: 	 21727.0
Q25 generated dirty: 	 21737.0

INFO: Q25 differs from original dirty data

Q50 original dirty: 	 49839.0
Q50 generated dirty: 	 49848.0

INFO: Q50 differs from original dirty data

Q75 original dirty: 	 74818.0
Q75 generated dirty: 	 49848.0

INFO: Q75 differs from original dirty data

Skew original dirty: 	 444.09351089627035
Skew generated dirty: 	 605.7581056037193

Kurtosis original dirty: 	 198141.69839647817
Kurtosis generated dirty: 	 397561.20175356633

Min original dirty: 	 501.0
Min generated dirty: 	 -50259.0

Max original dirty: 	 200000000.0
Max generated dirty: 	 396802183.0

--------------------------------------------------------
--------------------------------------------------------
salary
Mean original dirty: 	 53005.850015
Mean generated dirty: 	 52942.77659136719

Var original dirty: 	 50781087769.62623
Var generated dirty: 	 69285457872.33246

Q25 original dirty: 	 25000.0
Q25 generated dirty: 	 25000.0

Q50 original dirty: 	 50000.0
Q50 generated dirty: 	 50000.0

Q75 original dirty: 	 80000.0
Q75 generated dirty: 	 50000.0

INFO: Q75 differs from original dirty data

Skew original dirty: 	 436.2471652327904
Skew generated dirty: 	 647.0409650538088

Kurtosis original dirty: 	 193487.72706361904
Kurtosis generated dirty: 	 451948.44091247395

Min original dirty: 	 0.0
Min generated dirty: 	 -228012.0

Max original dirty: 	 100000000.0
Max generated dirty: 	 199808018.0

--------------------------------------------------------
--------------------------------------------------------
rate
Mean original dirty: 	 4.475095952357
Mean generated dirty: 	 4.907091631680341

Var original dirty: 	 10130.89791331265
Var generated dirty: 	 29743.958891722174

Q25 original dirty: 	 2.2
Q25 generated dirty: 	 2.1885417

INFO: Q25 differs from original dirty data

Q50 original dirty: 	 4.75
Q50 generated dirty: 	 4.75

Q75 original dirty: 	 6.25
Q75 generated dirty: 	 4.75

INFO: Q75 differs from original dirty data

Skew original dirty: 	 446.6965191070783
Skew generated dirty: 	 260.8226026745868

Kurtosis original dirty: 	 199691.73582855987
Kurtosis generated dirty: 	 68044.3262875296

Min original dirty: 	 0.0
Min generated dirty: 	 0.0

Max original dirty: 	 45000.0
Max generated dirty: 	 45000.0

--------------------------------------------------------
--------------------------------------------------------
single_exemp
Mean original dirty: 	 830.67196
Mean generated dirty: 	 829.8551929296875

Var original dirty: 	 2982988.7154833344
Var generated dirty: 	 2980844.644117538

Q25 original dirty: 	 0.0
Q25 generated dirty: 	 0.0

Q50 original dirty: 	 0.0
Q50 generated dirty: 	 0.0

Q75 original dirty: 	 1040.0
Q75 generated dirty: 	 0.0

INFO: Q75 differs from original dirty data

Skew original dirty: 	 3.767302451369809
Skew generated dirty: 	 3.76920379058631

Kurtosis original dirty: 	 20.33364906584868
Kurtosis generated dirty: 	 20.352658992212245

Min original dirty: 	 0.0
Min generated dirty: 	 0.0

Max original dirty: 	 12750.0
Max generated dirty: 	 12750.0

--------------------------------------------------------
--------------------------------------------------------
married_exemp
Mean original dirty: 	 1652.15198
Mean generated dirty: 	 1652.15198

Var original dirty: 	 11582043.820881182
Var generated dirty: 	 11581986.363083437

Q25 original dirty: 	 0.0
Q25 generated dirty: 	 0.0

Q50 original dirty: 	 0.0
Q50 generated dirty: 	 0.0

Q75 original dirty: 	 2080.0
Q75 generated dirty: 	 0.0

INFO: Q75 differs from original dirty data

Skew original dirty: 	 3.5913084518732052
Skew generated dirty: 	 3.591281727430354

Kurtosis original dirty: 	 18.416817090634183
Kurtosis generated dirty: 	 18.416330504894148

Min original dirty: 	 0.0
Min generated dirty: 	 0.0

Max original dirty: 	 24500.0
Max generated dirty: 	 24500.0

--------------------------------------------------------
--------------------------------------------------------
child_exemp
Mean original dirty: 	 602.7901
Mean generated dirty: 	 602.1902757421875

Var original dirty: 	 1114237.5683998314
Var generated dirty: 	 1113486.5648937959

Q25 original dirty: 	 0.0
Q25 generated dirty: 	 0.0

Q50 original dirty: 	 0.0
Q50 generated dirty: 	 0.0

Q75 original dirty: 	 1000.0
Q75 generated dirty: 	 0.0

INFO: Q75 differs from original dirty data

Skew original dirty: 	 1.5920598053140178
Skew generated dirty: 	 1.593584800948115

Kurtosis original dirty: 	 1.0869967396792393
Kurtosis generated dirty: 	 1.0920763769307267

Min original dirty: 	 0.0
Min generated dirty: 	 0.0

Max original dirty: 	 3300.0
Max generated dirty: 	 3300.0

--------------------------------------------------------
--------------------------------------------------------
f_name
Distinct original dirty: 	 10002
Distinct original clean: 	 10000
Distinct estimated dirty (whole dataset): 	 10015, distinct with ratio 	 10015
Distinct estimated dirty (replicate + errors): 	 10013.0
Distinct generated dirty: 	 10015

Swaps original dirty: 	 2
Swaps generated dirty: 	 256.0

Unique swaps count - original dirty: 	 4
Unique swaps count - generated dirty: 	 375

Typos original dirty: 	 272
Typos generated dirty: 	 34816

Distinct estimated typo: 	 13
Unique typos count - original dirty: 	 13
Unique typos count - generated dirty: 	 13

--------------------------------------------------------
l_name
Distinct original dirty: 	 10004
Distinct original clean: 	 10000
Distinct estimated dirty (whole dataset): 	 10030, distinct with ratio 	 10030
Distinct estimated dirty (replicate + errors): 	 10045.0
Distinct generated dirty: 	 10048

Swaps original dirty: 	 3
Swaps generated dirty: 	 384.0

Unique swaps count - original dirty: 	 4
Unique swaps count - generated dirty: 	 379

Typos original dirty: 	 695
Typos generated dirty: 	 88960

Distinct estimated typo: 	 45
Unique typos count - original dirty: 	 38
Unique typos count - generated dirty: 	 45

--------------------------------------------------------
gender
Distinct original dirty: 	 2
Distinct original clean: 	 2
Distinct estimated dirty (whole dataset): 	 2, distinct with ratio 	 2
Distinct estimated dirty (replicate + errors): 	 2.0
Distinct generated dirty: 	 2

--------------------------------------------------------
area_code
Distinct original dirty: 	 273
Distinct original clean: 	 273
Distinct estimated dirty (whole dataset): 	 273, distinct with ratio 	 273
Distinct estimated dirty (replicate + errors): 	 273.0
Distinct generated dirty: 	 273

--------------------------------------------------------
phone
Distinct original dirty: 	 197555
Distinct original clean: 	 197555
Distinct estimated dirty (whole dataset): 	 24678458, distinct with ratio 	 24678458
Distinct estimated dirty (replicate + errors): 	 197555.0
Distinct generated dirty: 	 197555

--------------------------------------------------------
city
Distinct original dirty: 	 17859
Distinct original clean: 	 17829
Distinct estimated dirty (whole dataset): 	 44678, distinct with ratio 	 44678
Distinct estimated dirty (replicate + errors): 	 17899.0
Distinct generated dirty: 	 17900

Swaps original dirty: 	 1
Swaps generated dirty: 	 128.0

Unique swaps count - original dirty: 	 4
Unique swaps count - generated dirty: 	 355

Typos original dirty: 	 200
Typos generated dirty: 	 25600

Distinct estimated typo: 	 70
Unique typos count - original dirty: 	 29
Unique typos count - generated dirty: 	 70

--------------------------------------------------------
state
Distinct original dirty: 	 53
Distinct original clean: 	 52
Distinct estimated dirty (whole dataset): 	 53, distinct with ratio 	 53
Distinct estimated dirty (replicate + errors): 	 53.0
Distinct generated dirty: 	 53

Replacements original dirty: 	 400
Replacements generated dirty: 	 51200

Unique replacements count - original dirty: 	 52
Unique replacements count - generated dirty: 	 52 

Typos original dirty: 	 200
Typos generated dirty: 	 25600

Distinct estimated typo: 	 1
Unique typos count - original dirty: 	 1
Unique typos count - generated dirty: 	 1

--------------------------------------------------------
zip
Distinct original dirty: 	 39062
Distinct original clean: 	 39069
Distinct estimated dirty (whole dataset): 	 175772, distinct with ratio 	 175772
Distinct estimated dirty (replicate + errors): 	 39197.0
Distinct generated dirty: 	 39073

Replacements original dirty: 	 400
Replacements generated dirty: 	 51200

Unique replacements count - original dirty: 	 396
Unique replacements count - generated dirty: 	 396 

Outliers original dirty: 	 1
Outliers generated dirty: 	 128

Unique outliers count - original dirty: 	 1
Unique outliers count - generated dirty: 	 5

--------------------------------------------------------
marital_status
Distinct original dirty: 	 2
Distinct original clean: 	 2
Distinct estimated dirty (whole dataset): 	 2, distinct with ratio 	 2
Distinct estimated dirty (replicate + errors): 	 2.0
Distinct generated dirty: 	 2

Replacements original dirty: 	 200
Replacements generated dirty: 	 25600

Unique replacements count - original dirty: 	 1
Unique replacements count - generated dirty: 	 1 

--------------------------------------------------------
has_child
Distinct original dirty: 	 2
Distinct original clean: 	 2
Distinct estimated dirty (whole dataset): 	 2, distinct with ratio 	 2
Distinct estimated dirty (replicate + errors): 	 2.0
Distinct generated dirty: 	 2

Replacements original dirty: 	 200
Replacements generated dirty: 	 25600

Unique replacements count - original dirty: 	 1
Unique replacements count - generated dirty: 	 1 

--------------------------------------------------------
salary
Distinct original dirty: 	 23
Distinct original clean: 	 20
Distinct estimated dirty (whole dataset): 	 404, distinct with ratio 	 404
Distinct estimated dirty (replicate + errors): 	 404.0
Distinct generated dirty: 	 45

Swaps original dirty: 	 1
Swaps generated dirty: 	 128.0

Unique swaps count - original dirty: 	 4
Unique swaps count - generated dirty: 	 20

MV original dirty: 	 1
MV generated dirty: 	 128

Distinct estimated mv: 	 256
Unique MV count - original dirty: 	 2
Unique MV count - generated dirty: 	 13

Outliers original dirty: 	 1
Outliers generated dirty: 	 128

Unique outliers count - original dirty: 	 1
Unique outliers count - generated dirty: 	 27

--------------------------------------------------------
rate
Distinct original dirty: 	 280
Distinct original clean: 	 278
Distinct estimated dirty (whole dataset): 	 281, distinct with ratio 	 281
Distinct estimated dirty (replicate + errors): 	 284.0
Distinct generated dirty: 	 281

Swaps original dirty: 	 1
Swaps generated dirty: 	 128.0

Unique swaps count - original dirty: 	 4
Unique swaps count - generated dirty: 	 113

MV original dirty: 	 187
MV generated dirty: 	 23936

Distinct estimated mv: 	 6
Unique MV count - original dirty: 	 2
Unique MV count - generated dirty: 	 5

--------------------------------------------------------
single_exemp
Distinct original dirty: 	 29
Distinct original clean: 	 28
Distinct estimated dirty (whole dataset): 	 29, distinct with ratio 	 29
Distinct estimated dirty (replicate + errors): 	 29.0
Distinct generated dirty: 	 29

MV original dirty: 	 200
MV generated dirty: 	 25600

Distinct estimated mv: 	 1
Unique MV count - original dirty: 	 1
Unique MV count - generated dirty: 	 2

--------------------------------------------------------
married_exemp
Distinct original dirty: 	 28
Distinct original clean: 	 28
Distinct estimated dirty (whole dataset): 	 28, distinct with ratio 	 28
Distinct estimated dirty (replicate + errors): 	 28.0
Distinct generated dirty: 	 28

--------------------------------------------------------
child_exemp
Distinct original dirty: 	 27
Distinct original clean: 	 26
Distinct estimated dirty (whole dataset): 	 27, distinct with ratio 	 27
Distinct estimated dirty (replicate + errors): 	 27.0
Distinct generated dirty: 	 26

MV original dirty: 	 200
MV generated dirty: 	 25600

Distinct estimated mv: 	 1
Unique MV count - original dirty: 	 1
Unique MV count - generated dirty: 	 2

Numerical swaps original dirty: 	 1
Numerical swaps generated dirty: 	 128

Numerical swaps original dirty: 	 3
Numerical swaps generated dirty: 	 384

Validation of scaled dataset: 0.000934600830078125

Time elapsed 21668.160506248474

(25600000, 15)
+++++++++++++++++++++++++++++++

real	361m10.996s
user	1009m50.679s
sys	3m11.333s
