WARNING:root:'PYARROW_IGNORE_TIMEZONE' environment variable was not set. It is required to set this environment variable to '1' in both driver and executor sides if you use pyarrow>=2.0.0. pandas-on-Spark will set it for you but it does not work if there is a Spark context already launched.
Error dist count [0, 0, 0, 0, 2410, 755, 1005, 0, 0, 127, 127]
Original error count [   0    0    0    0 2410  755 1005    0    0  127  127]
Error distribution computation: 0.17897510528564453

Scale dataset: 0.0033948421478271484

Process SpawnPoolWorker-15:
Process SpawnPoolWorker-7:
Process SpawnPoolWorker-8:
Process SpawnPoolWorker-13:
Process SpawnPoolWorker-3:
Process SpawnPoolWorker-10:
Process SpawnPoolWorker-11:
Process SpawnPoolWorker-1:
Process SpawnPoolWorker-5:
Process SpawnPoolWorker-6:
Process SpawnPoolWorker-16:
Traceback (most recent call last):
Process SpawnPoolWorker-14:
Process SpawnPoolWorker-9:
Process SpawnPoolWorker-4:
Process SpawnPoolWorker-12:
Process SpawnPoolWorker-2:
  File "/Users/olga_ovcharenko/PycharmProjects/BS_OlgaOvcharenko/./test_scale_up_local.py", line 23, in <module>
    generated_data = scale_modify.run_default(
  File "/Users/olga_ovcharenko/PycharmProjects/BS_OlgaOvcharenko/scale_modify.py", line 103, in run_default
    data_gen.clean_data_scaled, new_error_dist = generate_errors(scaled_data=data_gen.clean_data_scaled,
  File "/Users/olga_ovcharenko/PycharmProjects/BS_OlgaOvcharenko/error_sequence_generator.py", line 478, in generate_errors
    results = t.get()
  File "/Library/Frameworks/Python.framework/Versions/3.9/lib/python3.9/multiprocessing/pool.py", line 765, in get
    self.wait(timeout)
  File "/Library/Frameworks/Python.framework/Versions/3.9/lib/python3.9/multiprocessing/pool.py", line 762, in wait
    self._event.wait(timeout)
  File "/Library/Frameworks/Python.framework/Versions/3.9/lib/python3.9/threading.py", line 574, in wait
Traceback (most recent call last):
Traceback (most recent call last):
Traceback (most recent call last):
Traceback (most recent call last):
Traceback (most recent call last):
  File "/Library/Frameworks/Python.framework/Versions/3.9/lib/python3.9/multiprocessing/process.py", line 315, in _bootstrap
    self.run()
Traceback (most recent call last):
  File "/Library/Frameworks/Python.framework/Versions/3.9/lib/python3.9/multiprocessing/process.py", line 315, in _bootstrap
    self.run()
Traceback (most recent call last):
  File "/Library/Frameworks/Python.framework/Versions/3.9/lib/python3.9/multiprocessing/process.py", line 315, in _bootstrap
    self.run()
Traceback (most recent call last):
  File "/Library/Frameworks/Python.framework/Versions/3.9/lib/python3.9/multiprocessing/process.py", line 108, in run
    self._target(*self._args, **self._kwargs)
Traceback (most recent call last):
Traceback (most recent call last):
Traceback (most recent call last):
  File "/Library/Frameworks/Python.framework/Versions/3.9/lib/python3.9/multiprocessing/process.py", line 108, in run
    self._target(*self._args, **self._kwargs)
  File "/Library/Frameworks/Python.framework/Versions/3.9/lib/python3.9/multiprocessing/process.py", line 315, in _bootstrap
    self.run()
  File "/Library/Frameworks/Python.framework/Versions/3.9/lib/python3.9/multiprocessing/process.py", line 315, in _bootstrap
    self.run()
Traceback (most recent call last):
  File "/Library/Frameworks/Python.framework/Versions/3.9/lib/python3.9/multiprocessing/process.py", line 315, in _bootstrap
    self.run()
  File "/Library/Frameworks/Python.framework/Versions/3.9/lib/python3.9/multiprocessing/process.py", line 108, in run
    self._target(*self._args, **self._kwargs)
  File "/Library/Frameworks/Python.framework/Versions/3.9/lib/python3.9/multiprocessing/process.py", line 108, in run
    self._target(*self._args, **self._kwargs)
  File "/Library/Frameworks/Python.framework/Versions/3.9/lib/python3.9/multiprocessing/pool.py", line 114, in worker
    task = get()
  File "/Library/Frameworks/Python.framework/Versions/3.9/lib/python3.9/multiprocessing/process.py", line 315, in _bootstrap
    self.run()
  File "/Library/Frameworks/Python.framework/Versions/3.9/lib/python3.9/multiprocessing/process.py", line 315, in _bootstrap
    self.run()
  File "/Library/Frameworks/Python.framework/Versions/3.9/lib/python3.9/multiprocessing/process.py", line 315, in _bootstrap
    self.run()
Traceback (most recent call last):
  File "/Library/Frameworks/Python.framework/Versions/3.9/lib/python3.9/multiprocessing/pool.py", line 114, in worker
    task = get()
    signaled = self._cond.wait(timeout)
Traceback (most recent call last):
  File "/Library/Frameworks/Python.framework/Versions/3.9/lib/python3.9/multiprocessing/pool.py", line 114, in worker
    task = get()
Traceback (most recent call last):
  File "/Library/Frameworks/Python.framework/Versions/3.9/lib/python3.9/multiprocessing/queues.py", line 365, in get
    with self._rlock:
  File "/Library/Frameworks/Python.framework/Versions/3.9/lib/python3.9/multiprocessing/process.py", line 108, in run
    self._target(*self._args, **self._kwargs)
  File "/Library/Frameworks/Python.framework/Versions/3.9/lib/python3.9/multiprocessing/process.py", line 108, in run
    self._target(*self._args, **self._kwargs)
  File "/Library/Frameworks/Python.framework/Versions/3.9/lib/python3.9/threading.py", line 312, in wait
  File "/Library/Frameworks/Python.framework/Versions/3.9/lib/python3.9/multiprocessing/process.py", line 315, in _bootstrap
    self.run()
  File "/Library/Frameworks/Python.framework/Versions/3.9/lib/python3.9/multiprocessing/process.py", line 315, in _bootstrap
    self.run()
  File "/Library/Frameworks/Python.framework/Versions/3.9/lib/python3.9/multiprocessing/process.py", line 108, in run
    self._target(*self._args, **self._kwargs)
  File "/Library/Frameworks/Python.framework/Versions/3.9/lib/python3.9/multiprocessing/process.py", line 108, in run
    self._target(*self._args, **self._kwargs)
  File "/Library/Frameworks/Python.framework/Versions/3.9/lib/python3.9/multiprocessing/process.py", line 315, in _bootstrap
    self.run()
  File "/Library/Frameworks/Python.framework/Versions/3.9/lib/python3.9/multiprocessing/pool.py", line 114, in worker
    task = get()
  File "/Library/Frameworks/Python.framework/Versions/3.9/lib/python3.9/multiprocessing/process.py", line 315, in _bootstrap
    self.run()
  File "/Library/Frameworks/Python.framework/Versions/3.9/lib/python3.9/multiprocessing/queues.py", line 365, in get
    with self._rlock:
  File "/Library/Frameworks/Python.framework/Versions/3.9/lib/python3.9/multiprocessing/synchronize.py", line 95, in __enter__
    return self._semlock.__enter__()
  File "/Library/Frameworks/Python.framework/Versions/3.9/lib/python3.9/multiprocessing/process.py", line 108, in run
    self._target(*self._args, **self._kwargs)
  File "/Library/Frameworks/Python.framework/Versions/3.9/lib/python3.9/multiprocessing/process.py", line 108, in run
    self._target(*self._args, **self._kwargs)
  File "/Library/Frameworks/Python.framework/Versions/3.9/lib/python3.9/multiprocessing/pool.py", line 114, in worker
    task = get()
  File "/Library/Frameworks/Python.framework/Versions/3.9/lib/python3.9/multiprocessing/process.py", line 315, in _bootstrap
    self.run()
  File "/Library/Frameworks/Python.framework/Versions/3.9/lib/python3.9/multiprocessing/process.py", line 108, in run
    self._target(*self._args, **self._kwargs)
  File "/Library/Frameworks/Python.framework/Versions/3.9/lib/python3.9/multiprocessing/pool.py", line 114, in worker
    task = get()
  File "/Library/Frameworks/Python.framework/Versions/3.9/lib/python3.9/multiprocessing/pool.py", line 114, in worker
    task = get()
  File "/Library/Frameworks/Python.framework/Versions/3.9/lib/python3.9/multiprocessing/queues.py", line 365, in get
    with self._rlock:
  File "/Library/Frameworks/Python.framework/Versions/3.9/lib/python3.9/multiprocessing/pool.py", line 114, in worker
    task = get()
  File "/Library/Frameworks/Python.framework/Versions/3.9/lib/python3.9/multiprocessing/queues.py", line 365, in get
    with self._rlock:
  File "/Library/Frameworks/Python.framework/Versions/3.9/lib/python3.9/multiprocessing/process.py", line 108, in run
    self._target(*self._args, **self._kwargs)
  File "/Library/Frameworks/Python.framework/Versions/3.9/lib/python3.9/multiprocessing/pool.py", line 114, in worker
    task = get()
  File "/Library/Frameworks/Python.framework/Versions/3.9/lib/python3.9/multiprocessing/pool.py", line 114, in worker
    task = get()
  File "/Library/Frameworks/Python.framework/Versions/3.9/lib/python3.9/multiprocessing/queues.py", line 365, in get
    with self._rlock:
  File "/Library/Frameworks/Python.framework/Versions/3.9/lib/python3.9/multiprocessing/queues.py", line 365, in get
    with self._rlock:
  File "/Library/Frameworks/Python.framework/Versions/3.9/lib/python3.9/multiprocessing/pool.py", line 114, in worker
    task = get()
  File "/Library/Frameworks/Python.framework/Versions/3.9/lib/python3.9/multiprocessing/queues.py", line 365, in get
    with self._rlock:
    waiter.acquire()
  File "/Library/Frameworks/Python.framework/Versions/3.9/lib/python3.9/multiprocessing/pool.py", line 114, in worker
    task = get()
  File "/Library/Frameworks/Python.framework/Versions/3.9/lib/python3.9/multiprocessing/synchronize.py", line 95, in __enter__
    return self._semlock.__enter__()
  File "/Library/Frameworks/Python.framework/Versions/3.9/lib/python3.9/multiprocessing/synchronize.py", line 95, in __enter__
    return self._semlock.__enter__()
  File "/Library/Frameworks/Python.framework/Versions/3.9/lib/python3.9/multiprocessing/queues.py", line 365, in get
    with self._rlock:
KeyboardInterrupt
  File "/Library/Frameworks/Python.framework/Versions/3.9/lib/python3.9/multiprocessing/synchronize.py", line 95, in __enter__
    return self._semlock.__enter__()
  File "/Library/Frameworks/Python.framework/Versions/3.9/lib/python3.9/multiprocessing/synchronize.py", line 95, in __enter__
    return self._semlock.__enter__()
  File "/Library/Frameworks/Python.framework/Versions/3.9/lib/python3.9/multiprocessing/queues.py", line 365, in get
    with self._rlock:
  File "/Library/Frameworks/Python.framework/Versions/3.9/lib/python3.9/multiprocessing/synchronize.py", line 95, in __enter__
    return self._semlock.__enter__()
KeyboardInterrupt
  File "/Library/Frameworks/Python.framework/Versions/3.9/lib/python3.9/multiprocessing/process.py", line 108, in run
    self._target(*self._args, **self._kwargs)
  File "/Library/Frameworks/Python.framework/Versions/3.9/lib/python3.9/multiprocessing/process.py", line 108, in run
    self._target(*self._args, **self._kwargs)
  File "/Library/Frameworks/Python.framework/Versions/3.9/lib/python3.9/multiprocessing/queues.py", line 365, in get
    with self._rlock:
  File "/Library/Frameworks/Python.framework/Versions/3.9/lib/python3.9/multiprocessing/queues.py", line 365, in get
    with self._rlock:
  File "/Library/Frameworks/Python.framework/Versions/3.9/lib/python3.9/multiprocessing/synchronize.py", line 95, in __enter__
    return self._semlock.__enter__()
  File "/Library/Frameworks/Python.framework/Versions/3.9/lib/python3.9/multiprocessing/synchronize.py", line 95, in __enter__
    return self._semlock.__enter__()
  File "/Library/Frameworks/Python.framework/Versions/3.9/lib/python3.9/multiprocessing/synchronize.py", line 95, in __enter__
    return self._semlock.__enter__()
KeyboardInterrupt
KeyboardInterrupt
  File "/Library/Frameworks/Python.framework/Versions/3.9/lib/python3.9/multiprocessing/synchronize.py", line 95, in __enter__
    return self._semlock.__enter__()
KeyboardInterrupt
  File "/Library/Frameworks/Python.framework/Versions/3.9/lib/python3.9/multiprocessing/process.py", line 315, in _bootstrap
    self.run()
KeyboardInterrupt
  File "/Library/Frameworks/Python.framework/Versions/3.9/lib/python3.9/multiprocessing/process.py", line 108, in run
    self._target(*self._args, **self._kwargs)
  File "/Library/Frameworks/Python.framework/Versions/3.9/lib/python3.9/multiprocessing/queues.py", line 365, in get
    with self._rlock:
  File "/Library/Frameworks/Python.framework/Versions/3.9/lib/python3.9/multiprocessing/synchronize.py", line 95, in __enter__
    return self._semlock.__enter__()
KeyboardInterrupt
  File "/Library/Frameworks/Python.framework/Versions/3.9/lib/python3.9/multiprocessing/synchronize.py", line 95, in __enter__
    return self._semlock.__enter__()
  File "/Library/Frameworks/Python.framework/Versions/3.9/lib/python3.9/multiprocessing/pool.py", line 114, in worker
    task = get()
KeyboardInterrupt
  File "/Library/Frameworks/Python.framework/Versions/3.9/lib/python3.9/multiprocessing/pool.py", line 114, in worker
    task = get()
Traceback (most recent call last):
  File "/Library/Frameworks/Python.framework/Versions/3.9/lib/python3.9/multiprocessing/queues.py", line 365, in get
    with self._rlock:
  File "/Library/Frameworks/Python.framework/Versions/3.9/lib/python3.9/multiprocessing/pool.py", line 114, in worker
    task = get()
KeyboardInterrupt
  File "/Library/Frameworks/Python.framework/Versions/3.9/lib/python3.9/multiprocessing/queues.py", line 366, in get
    res = self._reader.recv_bytes()
  File "/Library/Frameworks/Python.framework/Versions/3.9/lib/python3.9/multiprocessing/process.py", line 315, in _bootstrap
    self.run()
KeyboardInterrupt
KeyboardInterrupt
  File "/Library/Frameworks/Python.framework/Versions/3.9/lib/python3.9/multiprocessing/queues.py", line 365, in get
    with self._rlock:
KeyboardInterrupt
KeyboardInterrupt
  File "/Library/Frameworks/Python.framework/Versions/3.9/lib/python3.9/multiprocessing/connection.py", line 221, in recv_bytes
    buf = self._recv_bytes(maxlength)
  File "/Library/Frameworks/Python.framework/Versions/3.9/lib/python3.9/multiprocessing/process.py", line 108, in run
    self._target(*self._args, **self._kwargs)
  File "/Library/Frameworks/Python.framework/Versions/3.9/lib/python3.9/multiprocessing/synchronize.py", line 95, in __enter__
    return self._semlock.__enter__()
  File "/Library/Frameworks/Python.framework/Versions/3.9/lib/python3.9/multiprocessing/pool.py", line 131, in worker
    put((job, i, result))
  File "/Library/Frameworks/Python.framework/Versions/3.9/lib/python3.9/multiprocessing/synchronize.py", line 95, in __enter__
    return self._semlock.__enter__()
  File "/Library/Frameworks/Python.framework/Versions/3.9/lib/python3.9/multiprocessing/queues.py", line 372, in put
    obj = _ForkingPickler.dumps(obj)
  File "/Library/Frameworks/Python.framework/Versions/3.9/lib/python3.9/multiprocessing/connection.py", line 419, in _recv_bytes
    buf = self._recv(4)
  File "/Library/Frameworks/Python.framework/Versions/3.9/lib/python3.9/multiprocessing/reduction.py", line 51, in dumps
    cls(buf, protocol).dump(obj)
KeyboardInterrupt
  File "/Library/Frameworks/Python.framework/Versions/3.9/lib/python3.9/multiprocessing/connection.py", line 384, in _recv
    chunk = read(handle, remaining)
KeyboardInterrupt
  File "/Library/Frameworks/Python.framework/Versions/3.9/lib/python3.9/site-packages/pandas/core/internals/managers.py", line 1750, in __getstate__
    def __getstate__(self):
KeyboardInterrupt
KeyboardInterrupt

real	0m3.118s
user	0m26.374s
sys	0m4.705s
