Traceback (most recent call last):
  File "/Users/olga_ovcharenko/PycharmProjects/BS_OlgaOvcharenko/./test_scale_up_local.py", line 4, in <module>
    import scale_modify
  File "/Users/olga_ovcharenko/PycharmProjects/BS_OlgaOvcharenko/scale_modify.py", line 6, in <module>
    import pandas as pd
  File "/Library/Frameworks/Python.framework/Versions/3.9/lib/python3.9/site-packages/pandas/__init__.py", line 11, in <module>
    __import__(dependency)
  File "/Library/Frameworks/Python.framework/Versions/3.9/lib/python3.9/site-packages/numpy/__init__.py", line 145, in <module>
    from . import core
  File "/Library/Frameworks/Python.framework/Versions/3.9/lib/python3.9/site-packages/numpy/core/__init__.py", line 102, in <module>
    from . import _internal
  File "/Library/Frameworks/Python.framework/Versions/3.9/lib/python3.9/site-packages/numpy/core/_internal.py", line 10, in <module>
    import platform
  File "/Library/Frameworks/Python.framework/Versions/3.9/lib/python3.9/platform.py", line 119, in <module>
    import subprocess
  File "/Library/Frameworks/Python.framework/Versions/3.9/lib/python3.9/subprocess.py", line 49, in <module>
    import signal
  File "/Library/Frameworks/Python.framework/Versions/3.9/lib/python3.9/signal.py", line 8, in <module>
    _IntEnum._convert_(
  File "/Library/Frameworks/Python.framework/Versions/3.9/lib/python3.9/enum.py", line 531, in _convert_
    cls = cls(name, members, module=module)
  File "/Library/Frameworks/Python.framework/Versions/3.9/lib/python3.9/enum.py", line 362, in __call__
    return cls._create_(
  File "/Library/Frameworks/Python.framework/Versions/3.9/lib/python3.9/enum.py", line 485, in _create_
    classdict[member_name] = member_value
  File "/Library/Frameworks/Python.framework/Versions/3.9/lib/python3.9/enum.py", line 128, in __setitem__
    elif _is_dunder(key):
  File "/Library/Frameworks/Python.framework/Versions/3.9/lib/python3.9/enum.py", line 27, in _is_dunder
    len(name) > 4 and
KeyboardInterrupt

real	0m0.078s
user	0m0.287s
sys	0m0.064s
