Traceback (most recent call last):
  File "/Users/olga_ovcharenko/PycharmProjects/BS_OlgaOvcharenko/./test_scale_up_local.py", line 4, in <module>
    import scale_modify
  File "/Users/olga_ovcharenko/PycharmProjects/BS_OlgaOvcharenko/scale_modify.py", line 6, in <module>
    import pandas as pd
  File "/Library/Frameworks/Python.framework/Versions/3.9/lib/python3.9/site-packages/pandas/__init__.py", line 11, in <module>
    __import__(dependency)
  File "/Library/Frameworks/Python.framework/Versions/3.9/lib/python3.9/site-packages/numpy/__init__.py", line 145, in <module>
    from . import core
  File "/Library/Frameworks/Python.framework/Versions/3.9/lib/python3.9/site-packages/numpy/core/__init__.py", line 22, in <module>
    from . import multiarray
  File "/Library/Frameworks/Python.framework/Versions/3.9/lib/python3.9/site-packages/numpy/core/multiarray.py", line 76, in <module>
    def empty_like(prototype, dtype=None, order=None, subok=None, shape=None):
  File "/Library/Frameworks/Python.framework/Versions/3.9/lib/python3.9/site-packages/numpy/core/overrides.py", line 228, in decorator
    return array_function_dispatch(
  File "/Library/Frameworks/Python.framework/Versions/3.9/lib/python3.9/site-packages/numpy/core/overrides.py", line 201, in decorator
    source_object = compile(
KeyboardInterrupt

real	0m0.062s
user	0m0.144s
sys	0m0.041s
