Traceback (most recent call last):
  File "/Users/olga_ovcharenko/PycharmProjects/BS_OlgaOvcharenko/./test_scale_up_local.py", line 4, in <module>
    import scale_modify
  File "/Users/olga_ovcharenko/PycharmProjects/BS_OlgaOvcharenko/scale_modify.py", line 6, in <module>
    import pandas as pd
  File "/Library/Frameworks/Python.framework/Versions/3.9/lib/python3.9/site-packages/pandas/__init__.py", line 11, in <module>
    __import__(dependency)
  File "/Library/Frameworks/Python.framework/Versions/3.9/lib/python3.9/site-packages/numpy/__init__.py", line 145, in <module>
    from . import core
  File "/Library/Frameworks/Python.framework/Versions/3.9/lib/python3.9/site-packages/numpy/core/__init__.py", line 102, in <module>
    from . import _internal
  File "/Library/Frameworks/Python.framework/Versions/3.9/lib/python3.9/site-packages/numpy/core/_internal.py", line 10, in <module>
    import platform
  File "/Library/Frameworks/Python.framework/Versions/3.9/lib/python3.9/platform.py", line 119, in <module>
    import subprocess
  File "/Library/Frameworks/Python.framework/Versions/3.9/lib/python3.9/subprocess.py", line 51, in <module>
    import threading
  File "/Library/Frameworks/Python.framework/Versions/3.9/lib/python3.9/threading.py", line 9, in <module>
    from _weakrefset import WeakSet
  File "<frozen importlib._bootstrap>", line 1007, in _find_and_load
  File "<frozen importlib._bootstrap>", line 982, in _find_and_load_unlocked
  File "<frozen importlib._bootstrap>", line 925, in _find_spec
  File "<frozen importlib._bootstrap_external>", line 1349, in find_spec
  File "<frozen importlib._bootstrap_external>", line 1321, in _get_spec
  File "<frozen importlib._bootstrap_external>", line 1477, in find_spec
  File "<frozen importlib._bootstrap_external>", line 1435, in _get_spec
  File "<frozen importlib._bootstrap_external>", line 668, in spec_from_file_location
  File "<frozen importlib._bootstrap>", line 351, in __init__
KeyboardInterrupt

real	0m0.082s
user	0m0.311s
sys	0m0.072s
