WARNING:root:'PYARROW_IGNORE_TIMEZONE' environment variable was not set. It is required to set this environment variable to '1' in both driver and executor sides if you use pyarrow>=2.0.0. pandas-on-Spark will set it for you but it does not work if there is a Spark context already launched.
Error dist count [274, 698, 0, 0, 0, 201, 600, 401, 200, 200, 3, 188, 200, 0, 200]
Original error count [274 698   0   0   0 201 600 401 200 200   3 188 200   0 200]
Error distribution computation: 6.066350698471069

Scale dataset: 1.2292702198028564

INFO: Added less new unique MV (11) then expected unique MV (16).
dict_keys([90000, 5000, 95000, 50000, 20000, 60000, 80000, 85000, 75000, 15000, 40000, 35000, 65000, 10000, 45000, 25000, 100000, 70000, 30000, 55000])
Generated dataset
Errors to scaled dataset: 72.42060685157776

Save dataset: 9.080334186553955

Error count [[2192. 5584.    0.    0.    0. 1608. 4800. 3208. 1600. 1600.   24. 1504.
  1600.    0. 1600.]]
Computed new error distribution: 6.043408155441284

--------------------------------------------------------
area_code
Mean original dirty: 	 560.831715
Mean generated dirty: 	 560.831715

Var original dirty: 	 58145.10348067616
Var generated dirty: 	 58144.849095689475

Q25 original dirty: 	 317.0
Q25 generated dirty: 	 317.0

Q50 original dirty: 	 571.0
Q50 generated dirty: 	 571.0

Q75 original dirty: 	 787.0
Q75 generated dirty: 	 571.0

INFO: Q75 differs from original dirty data

Skew original dirty: 	 0.05745327947772957
Skew generated dirty: 	 0.0574529024393458

Kurtosis original dirty: 	 -1.3145588129341748
Kurtosis generated dirty: 	 -1.3145563070311088

Min original dirty: 	 201.0
Min generated dirty: 	 201.0

Max original dirty: 	 989.0
Max generated dirty: 	 989.0

--------------------------------------------------------
--------------------------------------------------------
zip
Mean original dirty: 	 50095.125655
Mean generated dirty: 	 50094.70675418161

Var original dirty: 	 200837024141.40744
Var generated dirty: 	 197955492654.0329

Q25 original dirty: 	 21727.0
Q25 generated dirty: 	 21737.0

INFO: Q25 differs from original dirty data

Q50 original dirty: 	 49839.0
Q50 generated dirty: 	 49847.0

INFO: Q50 differs from original dirty data

Q75 original dirty: 	 74818.0
Q75 generated dirty: 	 49847.0

INFO: Q75 differs from original dirty data

Skew original dirty: 	 444.09351089627035
Skew generated dirty: 	 444.0460261386377

Kurtosis original dirty: 	 198141.69839647817
Kurtosis generated dirty: 	 198110.85009201523

Min original dirty: 	 501.0
Min generated dirty: 	 501.0

Max original dirty: 	 200000000.0
Max generated dirty: 	 198554208.58632278

--------------------------------------------------------
--------------------------------------------------------
salary
Mean original dirty: 	 53005.850015
Mean generated dirty: 	 53005.068781875

Var original dirty: 	 50781087769.62623
Var generated dirty: 	 100403870311.24773

Q25 original dirty: 	 25000.0
Q25 generated dirty: 	 25000.0

Q50 original dirty: 	 50000.0
Q50 generated dirty: 	 50000.0

Q75 original dirty: 	 80000.0
Q75 generated dirty: 	 50000.0

INFO: Q75 differs from original dirty data

Skew original dirty: 	 436.2471652327904
Skew generated dirty: 	 624.5936740731055

Kurtosis original dirty: 	 193487.72706361904
Kurtosis generated dirty: 	 393381.84498954023

Min original dirty: 	 0.0
Min generated dirty: 	 -42493.0

Max original dirty: 	 100000000.0
Max generated dirty: 	 199622499.0

--------------------------------------------------------
--------------------------------------------------------
rate
Mean original dirty: 	 4.475095952357
Mean generated dirty: 	 4.864919599085063

Var original dirty: 	 10130.89791331265
Var generated dirty: 	 27845.950184850928

Q25 original dirty: 	 2.2
Q25 generated dirty: 	 2.1885417

INFO: Q25 differs from original dirty data

Q50 original dirty: 	 4.75
Q50 generated dirty: 	 4.75

Q75 original dirty: 	 6.25
Q75 generated dirty: 	 4.75

INFO: Q75 differs from original dirty data

Skew original dirty: 	 446.6965191070783
Skew generated dirty: 	 269.5610397122412

Kurtosis original dirty: 	 199691.73582855987
Kurtosis generated dirty: 	 72681.6584917142

Min original dirty: 	 0.0
Min generated dirty: 	 0.0

Max original dirty: 	 45000.0
Max generated dirty: 	 45000.0

--------------------------------------------------------
--------------------------------------------------------
single_exemp
Mean original dirty: 	 830.67196
Mean generated dirty: 	 829.844378125

Var original dirty: 	 2982988.7154833344
Var generated dirty: 	 2980343.112529404

Q25 original dirty: 	 0.0
Q25 generated dirty: 	 0.0

Q50 original dirty: 	 0.0
Q50 generated dirty: 	 0.0

Q75 original dirty: 	 1040.0
Q75 generated dirty: 	 0.0

INFO: Q75 differs from original dirty data

Skew original dirty: 	 3.767302451369809
Skew generated dirty: 	 3.7689274073993047

Kurtosis original dirty: 	 20.33364906584868
Kurtosis generated dirty: 	 20.35191581396041

Min original dirty: 	 0.0
Min generated dirty: 	 0.0

Max original dirty: 	 12750.0
Max generated dirty: 	 12750.0

--------------------------------------------------------
--------------------------------------------------------
married_exemp
Mean original dirty: 	 1652.15198
Mean generated dirty: 	 1652.15198

Var original dirty: 	 11582043.820881182
Var generated dirty: 	 11581993.1494078

Q25 original dirty: 	 0.0
Q25 generated dirty: 	 0.0

Q50 original dirty: 	 0.0
Q50 generated dirty: 	 0.0

Q75 original dirty: 	 2080.0
Q75 generated dirty: 	 0.0

INFO: Q75 differs from original dirty data

Skew original dirty: 	 3.5913084518732052
Skew generated dirty: 	 3.5912848838341547

Kurtosis original dirty: 	 18.416817090634183
Kurtosis generated dirty: 	 18.416387974739564

Min original dirty: 	 0.0
Min generated dirty: 	 0.0

Max original dirty: 	 24500.0
Max generated dirty: 	 24500.0

--------------------------------------------------------
--------------------------------------------------------
child_exemp
Mean original dirty: 	 602.7901
Mean generated dirty: 	 602.1792375

Var original dirty: 	 1114237.5683998314
Var generated dirty: 	 1113481.7401975065

Q25 original dirty: 	 0.0
Q25 generated dirty: 	 0.0

Q50 original dirty: 	 0.0
Q50 generated dirty: 	 0.0

Q75 original dirty: 	 1000.0
Q75 generated dirty: 	 0.0

INFO: Q75 differs from original dirty data

Skew original dirty: 	 1.5920598053140178
Skew generated dirty: 	 1.5936095208905965

Kurtosis original dirty: 	 1.0869967396792393
Kurtosis generated dirty: 	 1.0921442611552061

Min original dirty: 	 0.0
Min generated dirty: 	 0.0

Max original dirty: 	 3300.0
Max generated dirty: 	 3300.0

--------------------------------------------------------
--------------------------------------------------------
f_name
Distinct original dirty: 	 10002
Distinct original clean: 	 10000
Distinct estimated dirty (whole dataset): 	 10003, distinct with ratio 	 10003
Distinct estimated dirty (replicate + errors): 	 10013.0
Distinct generated dirty: 	 10015

Swaps original dirty: 	 2
Swaps generated dirty: 	 16.0

Unique swaps count - original dirty: 	 4
Unique swaps count - generated dirty: 	 23

Typos original dirty: 	 272
Typos generated dirty: 	 2176

Distinct estimated typo: 	 13
Unique typos count - original dirty: 	 13
Unique typos count - generated dirty: 	 13

--------------------------------------------------------
l_name
Distinct original dirty: 	 10004
Distinct original clean: 	 10000
Distinct estimated dirty (whole dataset): 	 10006, distinct with ratio 	 10006
Distinct estimated dirty (replicate + errors): 	 10039.0
Distinct generated dirty: 	 10042

Swaps original dirty: 	 3
Swaps generated dirty: 	 24.0

Unique swaps count - original dirty: 	 4
Unique swaps count - generated dirty: 	 24

Typos original dirty: 	 695
Typos generated dirty: 	 5560

Distinct estimated typo: 	 39
Unique typos count - original dirty: 	 38
Unique typos count - generated dirty: 	 39

--------------------------------------------------------
gender
Distinct original dirty: 	 2
Distinct original clean: 	 2
Distinct estimated dirty (whole dataset): 	 2, distinct with ratio 	 2
Distinct estimated dirty (replicate + errors): 	 2.0
Distinct generated dirty: 	 2

--------------------------------------------------------
area_code
Distinct original dirty: 	 273
Distinct original clean: 	 273
Distinct estimated dirty (whole dataset): 	 273, distinct with ratio 	 273
Distinct estimated dirty (replicate + errors): 	 273.0
Distinct generated dirty: 	 273

--------------------------------------------------------
phone
Distinct original dirty: 	 197555
Distinct original clean: 	 197555
Distinct estimated dirty (whole dataset): 	 1548839, distinct with ratio 	 1548839
Distinct estimated dirty (replicate + errors): 	 197555.0
Distinct generated dirty: 	 197555

--------------------------------------------------------
city
Distinct original dirty: 	 17859
Distinct original clean: 	 17829
Distinct estimated dirty (whole dataset): 	 20820, distinct with ratio 	 20820
Distinct estimated dirty (replicate + errors): 	 17862.0
Distinct generated dirty: 	 17863

Swaps original dirty: 	 1
Swaps generated dirty: 	 8.0

Unique swaps count - original dirty: 	 4
Unique swaps count - generated dirty: 	 24

Typos original dirty: 	 200
Typos generated dirty: 	 1600

Distinct estimated typo: 	 33
Unique typos count - original dirty: 	 29
Unique typos count - generated dirty: 	 33

--------------------------------------------------------
state
Distinct original dirty: 	 53
Distinct original clean: 	 52
Distinct estimated dirty (whole dataset): 	 53, distinct with ratio 	 53
Distinct estimated dirty (replicate + errors): 	 53.0
Distinct generated dirty: 	 53

Replacements original dirty: 	 400
Replacements generated dirty: 	 3200

Unique replacements count - original dirty: 	 52
Unique replacements count - generated dirty: 	 52 

Typos original dirty: 	 200
Typos generated dirty: 	 1600

Distinct estimated typo: 	 1
Unique typos count - original dirty: 	 1
Unique typos count - generated dirty: 	 1

--------------------------------------------------------
zip
Distinct original dirty: 	 39062
Distinct original clean: 	 39069
Distinct estimated dirty (whole dataset): 	 49540, distinct with ratio 	 49540
Distinct estimated dirty (replicate + errors): 	 39077.0
Distinct generated dirty: 	 39070

Replacements original dirty: 	 400
Replacements generated dirty: 	 3200

Unique replacements count - original dirty: 	 396
Unique replacements count - generated dirty: 	 396 

Outliers original dirty: 	 1
Outliers generated dirty: 	 8

Unique outliers count - original dirty: 	 1
Unique outliers count - generated dirty: 	 2

--------------------------------------------------------
marital_status
Distinct original dirty: 	 2
Distinct original clean: 	 2
Distinct estimated dirty (whole dataset): 	 2, distinct with ratio 	 2
Distinct estimated dirty (replicate + errors): 	 2.0
Distinct generated dirty: 	 2

Replacements original dirty: 	 200
Replacements generated dirty: 	 1600

Unique replacements count - original dirty: 	 1
Unique replacements count - generated dirty: 	 1 

--------------------------------------------------------
has_child
Distinct original dirty: 	 2
Distinct original clean: 	 2
Distinct estimated dirty (whole dataset): 	 2, distinct with ratio 	 2
Distinct estimated dirty (replicate + errors): 	 2.0
Distinct generated dirty: 	 2

Replacements original dirty: 	 200
Replacements generated dirty: 	 1600

Unique replacements count - original dirty: 	 1
Unique replacements count - generated dirty: 	 1 

--------------------------------------------------------
salary
Distinct original dirty: 	 23
Distinct original clean: 	 20
Distinct estimated dirty (whole dataset): 	 44, distinct with ratio 	 44
Distinct estimated dirty (replicate + errors): 	 44.0
Distinct generated dirty: 	 28

Swaps original dirty: 	 1
Swaps generated dirty: 	 8.0

Unique swaps count - original dirty: 	 4
Unique swaps count - generated dirty: 	 14

MV original dirty: 	 1
MV generated dirty: 	 8

Distinct estimated mv: 	 16
Unique MV count - original dirty: 	 2
Unique MV count - generated dirty: 	 11

Outliers original dirty: 	 1
Outliers generated dirty: 	 8

Unique outliers count - original dirty: 	 1
Unique outliers count - generated dirty: 	 3

--------------------------------------------------------
rate
Distinct original dirty: 	 280
Distinct original clean: 	 278
Distinct estimated dirty (whole dataset): 	 287, distinct with ratio 	 287
Distinct estimated dirty (replicate + errors): 	 287.0
Distinct generated dirty: 	 284

Swaps original dirty: 	 1
Swaps generated dirty: 	 8.0

Unique swaps count - original dirty: 	 4
Unique swaps count - generated dirty: 	 15

MV original dirty: 	 187
MV generated dirty: 	 1496

Distinct estimated mv: 	 9
Unique MV count - original dirty: 	 2
Unique MV count - generated dirty: 	 9

--------------------------------------------------------
single_exemp
Distinct original dirty: 	 29
Distinct original clean: 	 28
Distinct estimated dirty (whole dataset): 	 29, distinct with ratio 	 29
Distinct estimated dirty (replicate + errors): 	 29.0
Distinct generated dirty: 	 29

MV original dirty: 	 200
MV generated dirty: 	 1600

Distinct estimated mv: 	 1
Unique MV count - original dirty: 	 1
Unique MV count - generated dirty: 	 2

--------------------------------------------------------
married_exemp
Distinct original dirty: 	 28
Distinct original clean: 	 28
Distinct estimated dirty (whole dataset): 	 28, distinct with ratio 	 28
Distinct estimated dirty (replicate + errors): 	 28.0
Distinct generated dirty: 	 28

--------------------------------------------------------
child_exemp
Distinct original dirty: 	 27
Distinct original clean: 	 26
Distinct estimated dirty (whole dataset): 	 27, distinct with ratio 	 27
Distinct estimated dirty (replicate + errors): 	 27.0
Distinct generated dirty: 	 27

MV original dirty: 	 200
MV generated dirty: 	 1600

Distinct estimated mv: 	 1
Unique MV count - original dirty: 	 1
Unique MV count - generated dirty: 	 2

Numerical swaps original dirty: 	 1
Numerical swaps generated dirty: 	 8

Numerical swaps original dirty: 	 3
Numerical swaps generated dirty: 	 24

Validation of scaled dataset: 0.0010228157043457031

Time elapsed 94.84755825996399

(1600000, 15)
+++++++++++++++++++++++++++++++

real	1m36.882s
user	3m30.946s
sys	0m14.511s
